<?xml version="1.0" encoding="utf-8"?>
<TestRun id="100244dc-4741-4003-9fb7-d6f0aaba7a05" name="tiagu@TIAGOFERREIRA 2025-06-15 17:49:42" runUser="TIAGOFERREIRA\tiagu" xmlns="http://microsoft.com/schemas/VisualStudio/TeamTest/2010">
  <Times creation="2025-06-15T17:49:42.8026912+01:00" queuing="2025-06-15T17:49:42.8026918+01:00" start="2025-06-15T17:49:42.3574109+01:00" finish="2025-06-15T17:49:42.8030816+01:00" />
  <TestSettings name="default" id="089d1d4b-898e-40fd-b318-93e8441992fc">
    <Deployment runDeploymentRoot="tiagu_TIAGOFERREIRA_2025-06-15_17_49_42" />
  </TestSettings>
  <TestLists>
    <TestList name="Results Not in a List" id="8c84fa94-04c1-424b-9868-57a2d4851a1d" />
    <TestList name="All Loaded Results" id="19431567-8539-422a-85d7-44ee4e166bda" />
  </TestLists>
  <ResultSummary outcome="Completed">
    <Counters total="0" executed="0" passed="0" failed="0" error="0" timeout="0" aborted="0" inconclusive="0" passedButRunAborted="0" notRunnable="0" notExecuted="0" disconnected="0" warning="0" completed="0" inProgress="0" pending="0" />
    <Output>
      <StdOut>NUnit Adapter 4.6.0.0: Test execution started&#xD;
Running selected tests in C:\Users\tiagu\TrabES2\TrabalhoES2.Tests\bin\Debug\net8.0\TrabalhoES2.Tests.dll&#xD;
   NUnit3TestExecutor discovered 0 of 0 NUnit test cases using Current Discovery mode, Explicit run&#xD;
NUnit Adapter 4.6.0.0: Test execution complete&#xD;
</StdOut>
    </Output>
    <RunInfos>
      <RunInfo computerName="TIAGOFERREIRA" outcome="Warning" timestamp="2025-06-15T17:49:42.7522962+01:00">
        <Text>No test matches the given testcase filter `FullyQualifiedName~Register_WithValidData_SucceedsAndAllowsLogin` in C:\Users\tiagu\TrabES2\TrabalhoES2.Tests\bin\Debug\net8.0\TrabalhoES2.Tests.dll</Text>
      </RunInfo>
    </RunInfos>
  </ResultSummary>
</TestRun>