<?xml version="1.0" encoding="utf-8"?>
<TestRun id="05131880-a38c-4bbe-991d-d1a83f206a9f" name="tiagu@TIAGOFERREIRA 2025-06-15 17:43:49" runUser="TIAGOFERREIRA\tiagu" xmlns="http://microsoft.com/schemas/VisualStudio/TeamTest/2010">
  <Times creation="2025-06-15T17:43:49.1326172+01:00" queuing="2025-06-15T17:43:49.1326176+01:00" start="2025-06-15T17:43:48.7041633+01:00" finish="2025-06-15T17:43:49.1329811+01:00" />
  <TestSettings name="default" id="8aaf257d-0bb8-4a4d-9248-3d011dd03425">
    <Deployment runDeploymentRoot="tiagu_TIAGOFERREIRA_2025-06-15_17_43_49" />
  </TestSettings>
  <TestLists>
    <TestList name="Results Not in a List" id="8c84fa94-04c1-424b-9868-57a2d4851a1d" />
    <TestList name="All Loaded Results" id="19431567-8539-422a-85d7-44ee4e166bda" />
  </TestLists>
  <ResultSummary outcome="Completed">
    <Counters total="0" executed="0" passed="0" failed="0" error="0" timeout="0" aborted="0" inconclusive="0" passedButRunAborted="0" notRunnable="0" notExecuted="0" disconnected="0" warning="0" completed="0" inProgress="0" pending="0" />
    <Output>
      <StdOut>NUnit Adapter 4.6.0.0: Test execution started&#xD;
Running selected tests in C:\Users\tiagu\TrabES2\TrabalhoES2.Tests\bin\Debug\net8.0\TrabalhoES2.Tests.dll&#xD;
   NUnit3TestExecutor discovered 0 of 0 NUnit test cases using Current Discovery mode, Explicit run&#xD;
NUnit Adapter 4.6.0.0: Test execution complete&#xD;
</StdOut>
    </Output>
    <RunInfos>
      <RunInfo computerName="TIAGOFERREIRA" outcome="Warning" timestamp="2025-06-15T17:43:49.0896080+01:00">
        <Text>No test matches the given testcase filter `FullyQualifiedName~Register_WithValidData_SucceedsAndAllowsLogin` in C:\Users\tiagu\TrabES2\TrabalhoES2.Tests\bin\Debug\net8.0\TrabalhoES2.Tests.dll</Text>
      </RunInfo>
    </RunInfos>
  </ResultSummary>
</TestRun>