<?xml version="1.0" encoding="utf-8"?>
<TestRun id="62872c0d-98db-4326-8fdb-f428e11202f3" name="tiagu@TIAGOFERREIRA 2025-06-15 22:37:51" runUser="TIAGOFERREIRA\tiagu" xmlns="http://microsoft.com/schemas/VisualStudio/TeamTest/2010">
  <Times creation="2025-06-15T22:37:51.7834949+01:00" queuing="2025-06-15T22:37:51.7834954+01:00" start="2025-06-15T22:37:49.7526675+01:00" finish="2025-06-15T22:37:53.0407829+01:00" />
  <TestSettings name="default" id="fcc0a200-8b24-4652-803f-1aa50a58e46a">
    <Deployment runDeploymentRoot="tiagu_TIAGOFERREIRA_2025-06-15_22_37_51" />
  </TestSettings>
  <Results>
    <UnitTestResult executionId="89f3ee3c-8f5a-4e0f-af76-faa1ea1d3c09" testId="b6ab0ee2-807b-b34c-4657-e0d99e756272" testName="CalcularValorAtualComRendimentos_ImovelNulo_LancaExcecaoArgumentNull" computerName="TIAGOFERREIRA" duration="00:00:00.0020170" startTime="2025-06-15T22:37:52.9171246+01:00" endTime="2025-06-15T22:37:52.9191408+01:00" testType="13cdc9d9-ddb5-4fa4-a97d-d965ccfc6d4b" outcome="Passed" testListId="8c84fa94-04c1-424b-9868-57a2d4851a1d" relativeResultsDirectory="89f3ee3c-8f5a-4e0f-af76-faa1ea1d3c09" />
    <UnitTestResult executionId="bc27aecd-2f97-4f0e-8ed0-8a67c3c5234b" testId="7beb4498-36e2-f5c0-2b4d-964fa09c2c2d" testName="CalcularExpectativaRendimentoAnual_ExemploSimples" computerName="TIAGOFERREIRA" duration="00:00:00.0006500" startTime="2025-06-15T22:37:52.9164521+01:00" endTime="2025-06-15T22:37:52.9171018+01:00" testType="13cdc9d9-ddb5-4fa4-a97d-d965ccfc6d4b" outcome="Passed" testListId="8c84fa94-04c1-424b-9868-57a2d4851a1d" relativeResultsDirectory="bc27aecd-2f97-4f0e-8ed0-8a67c3c5234b" />
    <UnitTestResult executionId="b5d57778-9fdf-4485-99c5-075837082964" testId="83c712d2-d4c2-ac54-71a5-9ff45ab15860" testName="CalcularValorAtualComJuros_CasoBasico(100,10,1,10)" computerName="TIAGOFERREIRA" duration="00:00:00.0003470" startTime="2025-06-15T22:37:52.9157168+01:00" endTime="2025-06-15T22:37:52.9160631+01:00" testType="13cdc9d9-ddb5-4fa4-a97d-d965ccfc6d4b" outcome="Passed" testListId="8c84fa94-04c1-424b-9868-57a2d4851a1d" relativeResultsDirectory="b5d57778-9fdf-4485-99c5-075837082964" />
    <UnitTestResult executionId="5fcbc238-3dd0-49a8-a262-cab8ad21bb55" testId="fc3f4b01-93d4-20dd-3eb9-0566ac9f3709" testName="CalcularValorAtualComJuros_CasoBasico(200,5,2,20.5d)" computerName="TIAGOFERREIRA" duration="00:00:00.0000260" startTime="2025-06-15T22:37:52.9160821+01:00" endTime="2025-06-15T22:37:52.9161076+01:00" testType="13cdc9d9-ddb5-4fa4-a97d-d965ccfc6d4b" outcome="Passed" testListId="8c84fa94-04c1-424b-9868-57a2d4851a1d" relativeResultsDirectory="5fcbc238-3dd0-49a8-a262-cab8ad21bb55" />
    <UnitTestResult executionId="d4c570f0-e11c-4ef8-a126-77c0f0f611e1" testId="fe8b2fa5-318d-7e2f-cd34-3bd2fca50ff5" testName="Test1" computerName="TIAGOFERREIRA" duration="00:00:00.0290840" startTime="2025-06-15T22:37:52.9193258+01:00" endTime="2025-06-15T22:37:52.9484089+01:00" testType="13cdc9d9-ddb5-4fa4-a97d-d965ccfc6d4b" outcome="Passed" testListId="8c84fa94-04c1-424b-9868-57a2d4851a1d" relativeResultsDirectory="d4c570f0-e11c-4ef8-a126-77c0f0f611e1" />
    <UnitTestResult executionId="ec79b52d-97d5-45d3-b7c1-85ebaaed5614" testId="b94e9cda-8c8e-52df-18e1-29310bb5304e" testName="Remover_GetRedirectsToIndexAndRemovesAsset" computerName="TIAGOFERREIRA" duration="00:00:00.0972240" startTime="2025-06-15T22:37:51.4998039+01:00" endTime="2025-06-15T22:37:51.5970275+01:00" testType="13cdc9d9-ddb5-4fa4-a97d-d965ccfc6d4b" outcome="Passed" testListId="8c84fa94-04c1-424b-9868-57a2d4851a1d" relativeResultsDirectory="ec79b52d-97d5-45d3-b7c1-85ebaaed5614" />
    <UnitTestResult executionId="61518716-d59d-4c00-9222-090075a7242c" testId="5db7a085-2ec9-7730-9130-aa59d9666fa8" testName="Index_WithCombinedFilters_ReturnsCorrectAssets" computerName="TIAGOFERREIRA" duration="00:00:01.0482100" startTime="2025-06-15T22:37:50.3801493+01:00" endTime="2025-06-15T22:37:51.4283205+01:00" testType="13cdc9d9-ddb5-4fa4-a97d-d965ccfc6d4b" outcome="Passed" testListId="8c84fa94-04c1-424b-9868-57a2d4851a1d" relativeResultsDirectory="61518716-d59d-4c00-9222-090075a7242c" />
    <UnitTestResult executionId="5c751447-7977-4c65-b123-8793bbee078d" testId="d18b0ace-c659-49af-e165-1e06b8ab7983" testName="Get_Index_AfterLogin_Returns200" computerName="TIAGOFERREIRA" duration="00:00:00.1815090" startTime="2025-06-15T22:37:52.3004421+01:00" endTime="2025-06-15T22:37:52.4819501+01:00" testType="13cdc9d9-ddb5-4fa4-a97d-d965ccfc6d4b" outcome="Passed" testListId="8c84fa94-04c1-424b-9868-57a2d4851a1d" relativeResultsDirectory="5c751447-7977-4c65-b123-8793bbee078d" />
    <UnitTestResult executionId="60ecffe0-f6ed-41ad-aec5-d0d58823f940" testId="c30eeb40-6a8b-fb9f-342a-7c952c789180" testName="Index_WithMontanteFilter_ReturnsOnlyAssetsAboveThreshold" computerName="TIAGOFERREIRA" duration="00:00:00.0229790" startTime="2025-06-15T22:37:51.4687107+01:00" endTime="2025-06-15T22:37:51.4916890+01:00" testType="13cdc9d9-ddb5-4fa4-a97d-d965ccfc6d4b" outcome="Passed" testListId="8c84fa94-04c1-424b-9868-57a2d4851a1d" relativeResultsDirectory="60ecffe0-f6ed-41ad-aec5-d0d58823f940" />
    <UnitTestResult executionId="06771842-804d-41ed-8bfa-d5d9160c8a5f" testId="95502f33-f28c-fdc5-8238-f55d57fdaf99" testName="CalcularValorAtualComJuros_DuracaoZero_RetornaMontanteAtual" computerName="TIAGOFERREIRA" duration="00:00:00.0002000" startTime="2025-06-15T22:37:52.9161253+01:00" endTime="2025-06-15T22:37:52.9163255+01:00" testType="13cdc9d9-ddb5-4fa4-a97d-d965ccfc6d4b" outcome="Passed" testListId="8c84fa94-04c1-424b-9868-57a2d4851a1d" relativeResultsDirectory="06771842-804d-41ed-8bfa-d5d9160c8a5f" />
    <UnitTestResult executionId="77cec5e2-0d12-47f7-a7e4-8b53c482a83f" testId="ea9bb081-999d-df96-c626-ee27e45e46f6" testName="Index_WithDesignationFilter_ReturnsOnlyMatchingAsset" computerName="TIAGOFERREIRA" duration="00:00:00.0394800" startTime="2025-06-15T22:37:51.4291948+01:00" endTime="2025-06-15T22:37:51.4686747+01:00" testType="13cdc9d9-ddb5-4fa4-a97d-d965ccfc6d4b" outcome="Passed" testListId="8c84fa94-04c1-424b-9868-57a2d4851a1d" relativeResultsDirectory="77cec5e2-0d12-47f7-a7e4-8b53c482a83f" />
    <UnitTestResult executionId="46ef9549-f2cb-43ed-9451-a9d4152b76bb" testId="7805f7c0-4c7a-7734-a13d-43c31833395e" testName="Index_WithoutUser_RedirectsToLogin" computerName="TIAGOFERREIRA" duration="00:00:00.0042290" startTime="2025-06-15T22:37:51.4917409+01:00" endTime="2025-06-15T22:37:51.4959694+01:00" testType="13cdc9d9-ddb5-4fa4-a97d-d965ccfc6d4b" outcome="Passed" testListId="8c84fa94-04c1-424b-9868-57a2d4851a1d" relativeResultsDirectory="46ef9549-f2cb-43ed-9451-a9d4152b76bb" />
    <UnitTestResult executionId="795218b0-5b63-4244-818b-d84ecc7cda33" testId="c0576271-87ee-aeb9-d60e-46c9a2fd1337" testName="Index_WithTipoFilter_ReturnsOnlyDepositoPrazoAssets" computerName="TIAGOFERREIRA" duration="00:00:00.0037820" startTime="2025-06-15T22:37:51.4959975+01:00" endTime="2025-06-15T22:37:51.4997795+01:00" testType="13cdc9d9-ddb5-4fa4-a97d-d965ccfc6d4b" outcome="Passed" testListId="8c84fa94-04c1-424b-9868-57a2d4851a1d" relativeResultsDirectory="795218b0-5b63-4244-818b-d84ecc7cda33" />
    <UnitTestResult executionId="0ca4dbcc-8b20-4f0f-9bfb-23b609051a1c" testId="db8d8cf1-fa28-1e3f-9d37-9084f9672796" testName="Get_Index_Unauthenticated_RedirectsToLogin" computerName="TIAGOFERREIRA" duration="00:00:00.3223890" startTime="2025-06-15T22:37:52.4819888+01:00" endTime="2025-06-15T22:37:52.8043773+01:00" testType="13cdc9d9-ddb5-4fa4-a97d-d965ccfc6d4b" outcome="Passed" testListId="8c84fa94-04c1-424b-9868-57a2d4851a1d" relativeResultsDirectory="0ca4dbcc-8b20-4f0f-9bfb-23b609051a1c">
      <Output>
        <StdOut>info: Microsoft.EntityFrameworkCore.Update[30100]&#xD;
      Saved 0 entities to in-memory store.&#xD;
info: Microsoft.EntityFrameworkCore.Update[30100]&#xD;
      Saved 2 entities to in-memory store.&#xD;
info: Microsoft.EntityFrameworkCore.Update[30100]&#xD;
      Saved 1 entities to in-memory store.&#xD;
info: Microsoft.EntityFrameworkCore.Update[30100]&#xD;
      Saved 1 entities to in-memory store.&#xD;
info: Microsoft.EntityFrameworkCore.Update[30100]&#xD;
      Saved 1 entities to in-memory store.&#xD;
info: Microsoft.EntityFrameworkCore.Update[30100]&#xD;
      Saved 1 entities to in-memory store.&#xD;
info: Microsoft.EntityFrameworkCore.Update[30100]&#xD;
      Saved 2 entities to in-memory store.&#xD;
info: Microsoft.EntityFrameworkCore.Update[30100]&#xD;
      Saved 2 entities to in-memory store.&#xD;
[SEED] Created Selenium user: True&#xD;
info: Microsoft.EntityFrameworkCore.Update[30100]&#xD;
      Saved 1 entities to in-memory store.&#xD;
[SEED] Added Selenium user to Cliente role: True&#xD;
info: Microsoft.EntityFrameworkCore.Update[30100]&#xD;
      Saved 2 entities to in-memory store.&#xD;
info: Microsoft.EntityFrameworkCore.Update[30100]&#xD;
      Saved 1 entities to in-memory store.&#xD;
[SEED] Created Selenium carteira&#xD;
info: Microsoft.EntityFrameworkCore.Update[30100]&#xD;
      Saved 1 entities to in-memory store.&#xD;
info: Microsoft.EntityFrameworkCore.Update[30100]&#xD;
      Saved 1 entities to in-memory store.&#xD;
[SEED] Created Selenium asset and depositoprazo&#xD;
[SEED] Selenium user status: Blocked=False, Deleted=False, EmailConfirmed=True&#xD;
warn: Microsoft.AspNetCore.HttpsPolicy.HttpsRedirectionMiddleware[3]&#xD;
      Failed to determine the https port for redirect.</StdOut>
      </Output>
    </UnitTestResult>
    <UnitTestResult executionId="c58bfc02-868f-43e2-8cdb-c09204a5b9ab" testId="b2a84046-2719-0b91-d3ce-aaf2fe208cac" testName="PasswordSignInAsync_WhenUserIsBlocked_ReturnsLockedOut" computerName="TIAGOFERREIRA" duration="00:00:00.1048150" startTime="2025-06-15T22:37:52.8095571+01:00" endTime="2025-06-15T22:37:52.9143715+01:00" testType="13cdc9d9-ddb5-4fa4-a97d-d965ccfc6d4b" outcome="Passed" testListId="8c84fa94-04c1-424b-9868-57a2d4851a1d" relativeResultsDirectory="c58bfc02-868f-43e2-8cdb-c09204a5b9ab" />
    <UnitTestResult executionId="bf60721d-2b8d-4a66-b406-db0f7a1d5c17" testId="55e650fd-bb66-812f-aacf-81aaee27976b" testName="CalcularValorAtualComJuros_CasoBasico(100,0,1,0)" computerName="TIAGOFERREIRA" duration="00:00:00.0010720" startTime="2025-06-15T22:37:52.9146163+01:00" endTime="2025-06-15T22:37:52.9156883+01:00" testType="13cdc9d9-ddb5-4fa4-a97d-d965ccfc6d4b" outcome="Passed" testListId="8c84fa94-04c1-424b-9868-57a2d4851a1d" relativeResultsDirectory="bf60721d-2b8d-4a66-b406-db0f7a1d5c17" />
  </Results>
  <TestDefinitions>
    <UnitTest name="Index_WithoutUser_RedirectsToLogin" storage="c:\users\tiagu\trabes2\trabalhoes2.tests\bin\debug\net8.0\trabalhoes2.tests.dll" id="7805f7c0-4c7a-7734-a13d-43c31833395e">
      <Execution id="46ef9549-f2cb-43ed-9451-a9d4152b76bb" />
      <TestMethod codeBase="C:\Users\tiagu\TrabES2\TrabalhoES2.Tests\bin\Debug\net8.0\TrabalhoES2.Tests.dll" adapterTypeName="executor://nunit3testexecutor/" className="TrabalhoES2.Tests.CarteiraControllerTests" name="Index_WithoutUser_RedirectsToLogin" />
    </UnitTest>
    <UnitTest name="Test1" storage="c:\users\tiagu\trabes2\trabalhoes2.tests\bin\debug\net8.0\trabalhoes2.tests.dll" id="fe8b2fa5-318d-7e2f-cd34-3bd2fca50ff5">
      <Execution id="d4c570f0-e11c-4ef8-a126-77c0f0f611e1" />
      <TestMethod codeBase="C:\Users\tiagu\TrabES2\TrabalhoES2.Tests\bin\Debug\net8.0\TrabalhoES2.Tests.dll" adapterTypeName="executor://nunit3testexecutor/" className="TrabalhoES2.Tests.Tests" name="Test1" />
    </UnitTest>
    <UnitTest name="CalcularValorAtualComJuros_CasoBasico(200,5,2,20.5d)" storage="c:\users\tiagu\trabes2\trabalhoes2.tests\bin\debug\net8.0\trabalhoes2.tests.dll" id="fc3f4b01-93d4-20dd-3eb9-0566ac9f3709">
      <Execution id="5fcbc238-3dd0-49a8-a262-cab8ad21bb55" />
      <TestMethod codeBase="C:\Users\tiagu\TrabES2\TrabalhoES2.Tests\bin\Debug\net8.0\TrabalhoES2.Tests.dll" adapterTypeName="executor://nunit3testexecutor/" className="TrabalhoES2.Tests.FundoInvestimentoServiceTests" name="CalcularValorAtualComJuros_CasoBasico(200,5,2,20.5d)" />
    </UnitTest>
    <UnitTest name="CalcularExpectativaRendimentoAnual_ExemploSimples" storage="c:\users\tiagu\trabes2\trabalhoes2.tests\bin\debug\net8.0\trabalhoes2.tests.dll" id="7beb4498-36e2-f5c0-2b4d-964fa09c2c2d">
      <Execution id="bc27aecd-2f97-4f0e-8ed0-8a67c3c5234b" />
      <TestMethod codeBase="C:\Users\tiagu\TrabES2\TrabalhoES2.Tests\bin\Debug\net8.0\TrabalhoES2.Tests.dll" adapterTypeName="executor://nunit3testexecutor/" className="TrabalhoES2.Tests.ImovelServiceTests" name="CalcularExpectativaRendimentoAnual_ExemploSimples" />
    </UnitTest>
    <UnitTest name="Get_Index_Unauthenticated_RedirectsToLogin" storage="c:\users\tiagu\trabes2\trabalhoes2.tests\bin\debug\net8.0\trabalhoes2.tests.dll" id="db8d8cf1-fa28-1e3f-9d37-9084f9672796">
      <Execution id="0ca4dbcc-8b20-4f0f-9bfb-23b609051a1c" />
      <TestMethod codeBase="C:\Users\tiagu\TrabES2\TrabalhoES2.Tests\bin\Debug\net8.0\TrabalhoES2.Tests.dll" adapterTypeName="executor://nunit3testexecutor/" className="TrabalhoES2.Tests.CarteiraIntegrationTests" name="Get_Index_Unauthenticated_RedirectsToLogin" />
    </UnitTest>
    <UnitTest name="CalcularValorAtualComRendimentos_ImovelNulo_LancaExcecaoArgumentNull" storage="c:\users\tiagu\trabes2\trabalhoes2.tests\bin\debug\net8.0\trabalhoes2.tests.dll" id="b6ab0ee2-807b-b34c-4657-e0d99e756272">
      <Execution id="89f3ee3c-8f5a-4e0f-af76-faa1ea1d3c09" />
      <TestMethod codeBase="C:\Users\tiagu\TrabES2\TrabalhoES2.Tests\bin\Debug\net8.0\TrabalhoES2.Tests.dll" adapterTypeName="executor://nunit3testexecutor/" className="TrabalhoES2.Tests.ImovelServiceTests" name="CalcularValorAtualComRendimentos_ImovelNulo_LancaExcecaoArgumentNull" />
    </UnitTest>
    <UnitTest name="Remover_GetRedirectsToIndexAndRemovesAsset" storage="c:\users\tiagu\trabes2\trabalhoes2.tests\bin\debug\net8.0\trabalhoes2.tests.dll" id="b94e9cda-8c8e-52df-18e1-29310bb5304e">
      <Execution id="ec79b52d-97d5-45d3-b7c1-85ebaaed5614" />
      <TestMethod codeBase="C:\Users\tiagu\TrabES2\TrabalhoES2.Tests\bin\Debug\net8.0\TrabalhoES2.Tests.dll" adapterTypeName="executor://nunit3testexecutor/" className="TrabalhoES2.Tests.CarteiraControllerTests" name="Remover_GetRedirectsToIndexAndRemovesAsset" />
    </UnitTest>
    <UnitTest name="CalcularValorAtualComJuros_CasoBasico(100,10,1,10)" storage="c:\users\tiagu\trabes2\trabalhoes2.tests\bin\debug\net8.0\trabalhoes2.tests.dll" id="83c712d2-d4c2-ac54-71a5-9ff45ab15860">
      <Execution id="b5d57778-9fdf-4485-99c5-075837082964" />
      <TestMethod codeBase="C:\Users\tiagu\TrabES2\TrabalhoES2.Tests\bin\Debug\net8.0\TrabalhoES2.Tests.dll" adapterTypeName="executor://nunit3testexecutor/" className="TrabalhoES2.Tests.FundoInvestimentoServiceTests" name="CalcularValorAtualComJuros_CasoBasico(100,10,1,10)" />
    </UnitTest>
    <UnitTest name="Get_Index_AfterLogin_Returns200" storage="c:\users\tiagu\trabes2\trabalhoes2.tests\bin\debug\net8.0\trabalhoes2.tests.dll" id="d18b0ace-c659-49af-e165-1e06b8ab7983">
      <Execution id="5c751447-7977-4c65-b123-8793bbee078d" />
      <TestMethod codeBase="C:\Users\tiagu\TrabES2\TrabalhoES2.Tests\bin\Debug\net8.0\TrabalhoES2.Tests.dll" adapterTypeName="executor://nunit3testexecutor/" className="TrabalhoES2.Tests.CarteiraIntegrationTests" name="Get_Index_AfterLogin_Returns200" />
    </UnitTest>
    <UnitTest name="CalcularValorAtualComJuros_CasoBasico(100,0,1,0)" storage="c:\users\tiagu\trabes2\trabalhoes2.tests\bin\debug\net8.0\trabalhoes2.tests.dll" id="55e650fd-bb66-812f-aacf-81aaee27976b">
      <Execution id="bf60721d-2b8d-4a66-b406-db0f7a1d5c17" />
      <TestMethod codeBase="C:\Users\tiagu\TrabES2\TrabalhoES2.Tests\bin\Debug\net8.0\TrabalhoES2.Tests.dll" adapterTypeName="executor://nunit3testexecutor/" className="TrabalhoES2.Tests.FundoInvestimentoServiceTests" name="CalcularValorAtualComJuros_CasoBasico(100,0,1,0)" />
    </UnitTest>
    <UnitTest name="CalcularValorAtualComJuros_DuracaoZero_RetornaMontanteAtual" storage="c:\users\tiagu\trabes2\trabalhoes2.tests\bin\debug\net8.0\trabalhoes2.tests.dll" id="95502f33-f28c-fdc5-8238-f55d57fdaf99">
      <Execution id="06771842-804d-41ed-8bfa-d5d9160c8a5f" />
      <TestMethod codeBase="C:\Users\tiagu\TrabES2\TrabalhoES2.Tests\bin\Debug\net8.0\TrabalhoES2.Tests.dll" adapterTypeName="executor://nunit3testexecutor/" className="TrabalhoES2.Tests.FundoInvestimentoServiceTests" name="CalcularValorAtualComJuros_DuracaoZero_RetornaMontanteAtual" />
    </UnitTest>
    <UnitTest name="Index_WithCombinedFilters_ReturnsCorrectAssets" storage="c:\users\tiagu\trabes2\trabalhoes2.tests\bin\debug\net8.0\trabalhoes2.tests.dll" id="5db7a085-2ec9-7730-9130-aa59d9666fa8">
      <Execution id="61518716-d59d-4c00-9222-090075a7242c" />
      <TestMethod codeBase="C:\Users\tiagu\TrabES2\TrabalhoES2.Tests\bin\Debug\net8.0\TrabalhoES2.Tests.dll" adapterTypeName="executor://nunit3testexecutor/" className="TrabalhoES2.Tests.CarteiraControllerTests" name="Index_WithCombinedFilters_ReturnsCorrectAssets" />
    </UnitTest>
    <UnitTest name="Index_WithDesignationFilter_ReturnsOnlyMatchingAsset" storage="c:\users\tiagu\trabes2\trabalhoes2.tests\bin\debug\net8.0\trabalhoes2.tests.dll" id="ea9bb081-999d-df96-c626-ee27e45e46f6">
      <Execution id="77cec5e2-0d12-47f7-a7e4-8b53c482a83f" />
      <TestMethod codeBase="C:\Users\tiagu\TrabES2\TrabalhoES2.Tests\bin\Debug\net8.0\TrabalhoES2.Tests.dll" adapterTypeName="executor://nunit3testexecutor/" className="TrabalhoES2.Tests.CarteiraControllerTests" name="Index_WithDesignationFilter_ReturnsOnlyMatchingAsset" />
    </UnitTest>
    <UnitTest name="Index_WithMontanteFilter_ReturnsOnlyAssetsAboveThreshold" storage="c:\users\tiagu\trabes2\trabalhoes2.tests\bin\debug\net8.0\trabalhoes2.tests.dll" id="c30eeb40-6a8b-fb9f-342a-7c952c789180">
      <Execution id="60ecffe0-f6ed-41ad-aec5-d0d58823f940" />
      <TestMethod codeBase="C:\Users\tiagu\TrabES2\TrabalhoES2.Tests\bin\Debug\net8.0\TrabalhoES2.Tests.dll" adapterTypeName="executor://nunit3testexecutor/" className="TrabalhoES2.Tests.CarteiraControllerTests" name="Index_WithMontanteFilter_ReturnsOnlyAssetsAboveThreshold" />
    </UnitTest>
    <UnitTest name="PasswordSignInAsync_WhenUserIsBlocked_ReturnsLockedOut" storage="c:\users\tiagu\trabes2\trabalhoes2.tests\bin\debug\net8.0\trabalhoes2.tests.dll" id="b2a84046-2719-0b91-d3ce-aaf2fe208cac">
      <Execution id="c58bfc02-868f-43e2-8cdb-c09204a5b9ab" />
      <TestMethod codeBase="C:\Users\tiagu\TrabES2\TrabalhoES2.Tests\bin\Debug\net8.0\TrabalhoES2.Tests.dll" adapterTypeName="executor://nunit3testexecutor/" className="TrabalhoES2.Tests.CustomSignInManagerTests" name="PasswordSignInAsync_WhenUserIsBlocked_ReturnsLockedOut" />
    </UnitTest>
    <UnitTest name="Index_WithTipoFilter_ReturnsOnlyDepositoPrazoAssets" storage="c:\users\tiagu\trabes2\trabalhoes2.tests\bin\debug\net8.0\trabalhoes2.tests.dll" id="c0576271-87ee-aeb9-d60e-46c9a2fd1337">
      <Execution id="795218b0-5b63-4244-818b-d84ecc7cda33" />
      <TestMethod codeBase="C:\Users\tiagu\TrabES2\TrabalhoES2.Tests\bin\Debug\net8.0\TrabalhoES2.Tests.dll" adapterTypeName="executor://nunit3testexecutor/" className="TrabalhoES2.Tests.CarteiraControllerTests" name="Index_WithTipoFilter_ReturnsOnlyDepositoPrazoAssets" />
    </UnitTest>
  </TestDefinitions>
  <TestEntries>
    <TestEntry testId="b6ab0ee2-807b-b34c-4657-e0d99e756272" executionId="89f3ee3c-8f5a-4e0f-af76-faa1ea1d3c09" testListId="8c84fa94-04c1-424b-9868-57a2d4851a1d" />
    <TestEntry testId="7beb4498-36e2-f5c0-2b4d-964fa09c2c2d" executionId="bc27aecd-2f97-4f0e-8ed0-8a67c3c5234b" testListId="8c84fa94-04c1-424b-9868-57a2d4851a1d" />
    <TestEntry testId="83c712d2-d4c2-ac54-71a5-9ff45ab15860" executionId="b5d57778-9fdf-4485-99c5-075837082964" testListId="8c84fa94-04c1-424b-9868-57a2d4851a1d" />
    <TestEntry testId="fc3f4b01-93d4-20dd-3eb9-0566ac9f3709" executionId="5fcbc238-3dd0-49a8-a262-cab8ad21bb55" testListId="8c84fa94-04c1-424b-9868-57a2d4851a1d" />
    <TestEntry testId="fe8b2fa5-318d-7e2f-cd34-3bd2fca50ff5" executionId="d4c570f0-e11c-4ef8-a126-77c0f0f611e1" testListId="8c84fa94-04c1-424b-9868-57a2d4851a1d" />
    <TestEntry testId="b94e9cda-8c8e-52df-18e1-29310bb5304e" executionId="ec79b52d-97d5-45d3-b7c1-85ebaaed5614" testListId="8c84fa94-04c1-424b-9868-57a2d4851a1d" />
    <TestEntry testId="5db7a085-2ec9-7730-9130-aa59d9666fa8" executionId="61518716-d59d-4c00-9222-090075a7242c" testListId="8c84fa94-04c1-424b-9868-57a2d4851a1d" />
    <TestEntry testId="d18b0ace-c659-49af-e165-1e06b8ab7983" executionId="5c751447-7977-4c65-b123-8793bbee078d" testListId="8c84fa94-04c1-424b-9868-57a2d4851a1d" />
    <TestEntry testId="c30eeb40-6a8b-fb9f-342a-7c952c789180" executionId="60ecffe0-f6ed-41ad-aec5-d0d58823f940" testListId="8c84fa94-04c1-424b-9868-57a2d4851a1d" />
    <TestEntry testId="95502f33-f28c-fdc5-8238-f55d57fdaf99" executionId="06771842-804d-41ed-8bfa-d5d9160c8a5f" testListId="8c84fa94-04c1-424b-9868-57a2d4851a1d" />
    <TestEntry testId="ea9bb081-999d-df96-c626-ee27e45e46f6" executionId="77cec5e2-0d12-47f7-a7e4-8b53c482a83f" testListId="8c84fa94-04c1-424b-9868-57a2d4851a1d" />
    <TestEntry testId="7805f7c0-4c7a-7734-a13d-43c31833395e" executionId="46ef9549-f2cb-43ed-9451-a9d4152b76bb" testListId="8c84fa94-04c1-424b-9868-57a2d4851a1d" />
    <TestEntry testId="c0576271-87ee-aeb9-d60e-46c9a2fd1337" executionId="795218b0-5b63-4244-818b-d84ecc7cda33" testListId="8c84fa94-04c1-424b-9868-57a2d4851a1d" />
    <TestEntry testId="db8d8cf1-fa28-1e3f-9d37-9084f9672796" executionId="0ca4dbcc-8b20-4f0f-9bfb-23b609051a1c" testListId="8c84fa94-04c1-424b-9868-57a2d4851a1d" />
    <TestEntry testId="b2a84046-2719-0b91-d3ce-aaf2fe208cac" executionId="c58bfc02-868f-43e2-8cdb-c09204a5b9ab" testListId="8c84fa94-04c1-424b-9868-57a2d4851a1d" />
    <TestEntry testId="55e650fd-bb66-812f-aacf-81aaee27976b" executionId="bf60721d-2b8d-4a66-b406-db0f7a1d5c17" testListId="8c84fa94-04c1-424b-9868-57a2d4851a1d" />
  </TestEntries>
  <TestLists>
    <TestList name="Results Not in a List" id="8c84fa94-04c1-424b-9868-57a2d4851a1d" />
    <TestList name="All Loaded Results" id="19431567-8539-422a-85d7-44ee4e166bda" />
  </TestLists>
  <ResultSummary outcome="Completed">
    <Counters total="16" executed="16" passed="16" failed="0" error="0" timeout="0" aborted="0" inconclusive="0" passedButRunAborted="0" notRunnable="0" notExecuted="0" disconnected="0" warning="0" completed="0" inProgress="0" pending="0" />
    <Output>
      <StdOut>NUnit Adapter 4.6.0.0: Test execution started&#xD;
Running all tests in C:\Users\tiagu\TrabES2\TrabalhoES2.Tests\bin\Debug\net8.0\TrabalhoES2.Tests.dll&#xD;
   NUnit3TestExecutor discovered 16 of 16 NUnit test cases using Current Discovery mode, Non-Explicit run&#xD;
info: Microsoft.EntityFrameworkCore.Update[30100]&#xD;
      Saved 0 entities to in-memory store.&#xD;
info: Microsoft.EntityFrameworkCore.Update[30100]&#xD;
      Saved 2 entities to in-memory store.&#xD;
info: Microsoft.EntityFrameworkCore.Update[30100]&#xD;
      Saved 1 entities to in-memory store.&#xD;
info: Microsoft.EntityFrameworkCore.Update[30100]&#xD;
      Saved 1 entities to in-memory store.&#xD;
info: Microsoft.EntityFrameworkCore.Update[30100]&#xD;
      Saved 1 entities to in-memory store.&#xD;
info: Microsoft.EntityFrameworkCore.Update[30100]&#xD;
      Saved 1 entities to in-memory store.&#xD;
info: Microsoft.EntityFrameworkCore.Update[30100]&#xD;
      Saved 2 entities to in-memory store.&#xD;
info: Microsoft.EntityFrameworkCore.Update[30100]&#xD;
      Saved 2 entities to in-memory store.&#xD;
[SEED] Created Selenium user: True&#xD;
info: Microsoft.EntityFrameworkCore.Update[30100]&#xD;
      Saved 1 entities to in-memory store.&#xD;
[SEED] Added Selenium user to Cliente role: True&#xD;
info: Microsoft.EntityFrameworkCore.Update[30100]&#xD;
      Saved 2 entities to in-memory store.&#xD;
info: Microsoft.EntityFrameworkCore.Update[30100]&#xD;
      Saved 1 entities to in-memory store.&#xD;
[SEED] Created Selenium carteira&#xD;
info: Microsoft.EntityFrameworkCore.Update[30100]&#xD;
      Saved 1 entities to in-memory store.&#xD;
info: Microsoft.EntityFrameworkCore.Update[30100]&#xD;
      Saved 1 entities to in-memory store.&#xD;
[SEED] Created Selenium asset and depositoprazo&#xD;
[SEED] Selenium user status: Blocked=False, Deleted=False, EmailConfirmed=True&#xD;
warn: Microsoft.AspNetCore.HttpsPolicy.HttpsRedirectionMiddleware[3]&#xD;
      Failed to determine the https port for redirect.&#xD;
&#xD;
NUnit Adapter 4.6.0.0: Test execution complete&#xD;
</StdOut>
    </Output>
  </ResultSummary>
</TestRun>