<?xml version="1.0" encoding="utf-8"?>
<TestRun id="7c082461-9ed0-4eb6-ad39-45d039d0c9a0" name="tiagu@TIAGOFERREIRA 2025-06-14 02:51:12" runUser="TIAGOFERREIRA\tiagu" xmlns="http://microsoft.com/schemas/VisualStudio/TeamTest/2010">
  <Times creation="2025-06-14T02:51:12.4101901+01:00" queuing="2025-06-14T02:51:12.4101904+01:00" start="2025-06-14T02:51:10.7591623+01:00" finish="2025-06-14T02:51:12.4144222+01:00" />
  <TestSettings name="default" id="044fdcac-4b59-4cea-ae8b-06294d77d6d2">
    <Deployment runDeploymentRoot="tiagu_TIAGOFERREIRA_2025-06-14_02_51_12" />
  </TestSettings>
  <Results>
    <UnitTestResult executionId="987b2e95-7ce4-42b0-9358-0bc73b718d6a" testId="db8d8cf1-fa28-1e3f-9d37-9084f9672796" testName="Get_Index_Unauthenticated_RedirectsToLogin" computerName="TIAGOFERREIRA" duration="00:00:00.1702590" startTime="2025-06-14T02:51:12.0973478+01:00" endTime="2025-06-14T02:51:12.2675795+01:00" testType="13cdc9d9-ddb5-4fa4-a97d-d965ccfc6d4b" outcome="Passed" testListId="8c84fa94-04c1-424b-9868-57a2d4851a1d" relativeResultsDirectory="987b2e95-7ce4-42b0-9358-0bc73b718d6a">
      <Output>
        <StdOut>info: Microsoft.EntityFrameworkCore.Update[30100]&#xD;
      Saved 0 entities to in-memory store.&#xD;
info: Microsoft.EntityFrameworkCore.Update[30100]&#xD;
      Saved 2 entities to in-memory store.&#xD;
info: Microsoft.EntityFrameworkCore.Update[30100]&#xD;
      Saved 1 entities to in-memory store.&#xD;
info: Microsoft.EntityFrameworkCore.Update[30100]&#xD;
      Saved 1 entities to in-memory store.&#xD;
info: Microsoft.EntityFrameworkCore.Update[30100]&#xD;
      Saved 1 entities to in-memory store.&#xD;
info: Microsoft.EntityFrameworkCore.Update[30100]&#xD;
      Saved 1 entities to in-memory store.&#xD;
info: Microsoft.EntityFrameworkCore.Update[30100]&#xD;
      Saved 2 entities to in-memory store.&#xD;
info: Microsoft.EntityFrameworkCore.Update[30100]&#xD;
      Saved 2 entities to in-memory store.&#xD;
warn: Microsoft.AspNetCore.HttpsPolicy.HttpsRedirectionMiddleware[3]&#xD;
      Failed to determine the https port for redirect.</StdOut>
      </Output>
    </UnitTestResult>
  </Results>
  <TestDefinitions>
    <UnitTest name="Get_Index_Unauthenticated_RedirectsToLogin" storage="c:\users\tiagu\trabes2\trabalhoes2.tests\bin\debug\net8.0\trabalhoes2.tests.dll" id="db8d8cf1-fa28-1e3f-9d37-9084f9672796">
      <Execution id="987b2e95-7ce4-42b0-9358-0bc73b718d6a" />
      <TestMethod codeBase="C:\Users\tiagu\TrabES2\TrabalhoES2.Tests\bin\Debug\net8.0\TrabalhoES2.Tests.dll" adapterTypeName="executor://nunit3testexecutor/" className="TrabalhoES2.Tests.CarteiraIntegrationTests" name="Get_Index_Unauthenticated_RedirectsToLogin" />
    </UnitTest>
  </TestDefinitions>
  <TestEntries>
    <TestEntry testId="db8d8cf1-fa28-1e3f-9d37-9084f9672796" executionId="987b2e95-7ce4-42b0-9358-0bc73b718d6a" testListId="8c84fa94-04c1-424b-9868-57a2d4851a1d" />
  </TestEntries>
  <TestLists>
    <TestList name="Results Not in a List" id="8c84fa94-04c1-424b-9868-57a2d4851a1d" />
    <TestList name="All Loaded Results" id="19431567-8539-422a-85d7-44ee4e166bda" />
  </TestLists>
  <ResultSummary outcome="Completed">
    <Counters total="1" executed="1" passed="1" failed="0" error="0" timeout="0" aborted="0" inconclusive="0" passedButRunAborted="0" notRunnable="0" notExecuted="0" disconnected="0" warning="0" completed="0" inProgress="0" pending="0" />
    <Output>
      <StdOut>NUnit Adapter 4.6.0.0: Test execution started&#xD;
Running selected tests in C:\Users\tiagu\TrabES2\TrabalhoES2.Tests\bin\Debug\net8.0\TrabalhoES2.Tests.dll&#xD;
   NUnit3TestExecutor discovered 1 of 1 NUnit test cases using Current Discovery mode, Non-Explicit run&#xD;
info: Microsoft.EntityFrameworkCore.Update[30100]&#xD;
      Saved 0 entities to in-memory store.&#xD;
info: Microsoft.EntityFrameworkCore.Update[30100]&#xD;
      Saved 2 entities to in-memory store.&#xD;
info: Microsoft.EntityFrameworkCore.Update[30100]&#xD;
      Saved 1 entities to in-memory store.&#xD;
info: Microsoft.EntityFrameworkCore.Update[30100]&#xD;
      Saved 1 entities to in-memory store.&#xD;
info: Microsoft.EntityFrameworkCore.Update[30100]&#xD;
      Saved 1 entities to in-memory store.&#xD;
info: Microsoft.EntityFrameworkCore.Update[30100]&#xD;
      Saved 1 entities to in-memory store.&#xD;
info: Microsoft.EntityFrameworkCore.Update[30100]&#xD;
      Saved 2 entities to in-memory store.&#xD;
info: Microsoft.EntityFrameworkCore.Update[30100]&#xD;
      Saved 2 entities to in-memory store.&#xD;
warn: Microsoft.AspNetCore.HttpsPolicy.HttpsRedirectionMiddleware[3]&#xD;
      Failed to determine the https port for redirect.&#xD;
&#xD;
NUnit Adapter 4.6.0.0: Test execution complete&#xD;
</StdOut>
    </Output>
  </ResultSummary>
</TestRun>