<?xml version="1.0" encoding="utf-8"?>
<TestRun id="7d2f2d03-78aa-476a-897c-9da8fc2cf91d" name="tiagu@TIAGOFERREIRA 2025-06-15 17:48:44" runUser="TIAGOFERREIRA\tiagu" xmlns="http://microsoft.com/schemas/VisualStudio/TeamTest/2010">
  <Times creation="2025-06-15T17:48:44.3663171+01:00" queuing="2025-06-15T17:48:44.3663173+01:00" start="2025-06-15T17:48:24.7553749+01:00" finish="2025-06-15T17:48:44.3766778+01:00" />
  <TestSettings name="default" id="4fee1861-2d1d-492f-aaa2-84cf61089031">
    <Deployment runDeploymentRoot="tiagu_TIAGOFERREIRA_2025-06-15_17_48_44" />
  </TestSettings>
  <Results>
    <UnitTestResult executionId="7e177979-179a-43ef-a066-a7e416d2ae21" testId="7956d2df-9631-019a-8c49-c2415b2f0f23" testName="Register_WithValidData_SucceedsAndAllowsLogin" computerName="TIAGOFERREIRA" duration="00:00:18.9101370" startTime="2025-06-15T17:48:25.3953295+01:00" endTime="2025-06-15T17:48:44.3054220+01:00" testType="13cdc9d9-ddb5-4fa4-a97d-d965ccfc6d4b" outcome="Failed" testListId="8c84fa94-04c1-424b-9868-57a2d4851a1d" relativeResultsDirectory="7e177979-179a-43ef-a066-a7e416d2ae21">
      <Output>
        <StdOut>[DIAG] Field values before submit: {"email":"tf@ipvc.pt","password":"Piruças123#"}&#xD;
[DIAG] Screenshot before submit: screenshot_before_submit_20250615_174826_900.png, DOM: dom_before_submit_20250615_174826_900.html&#xD;
[DIAG] Click intercepted on 'login' at 206,716 size 334x50&#xD;
[DIAG] Screenshot: screenshot_login_20250615_174828_046.png, DOM: dom_login_20250615_174828_046.html&#xD;
[DIAG] Current URL after form submission: http://localhost:5168/&#xD;
[DIAG] Page source dumped to: page_after_login_20250615_174829_523.html&#xD;
[DIAG] Redirected away from login page - login may have succeeded</StdOut>
        <ErrorInfo>
          <Message>System.IO.DirectoryNotFoundException : Could not find a part of the path 'C:\Users\tiagu\TrabES2\TrabalhoES2.UITests\bin\Debug\net9.0\TrabalhoES2.UITests\TestResults\register_login_debug_fail.html'.</Message>
          <StackTrace>   at Microsoft.Win32.SafeHandles.SafeFileHandle.CreateFile(String fullPath, FileMode mode, FileAccess access, FileShare share, FileOptions options)&#xD;
   at Microsoft.Win32.SafeHandles.SafeFileHandle.Open(String fullPath, FileMode mode, FileAccess access, FileShare share, FileOptions options, Int64 preallocationSize, Nullable`1 unixCreateMode)&#xD;
   at System.IO.File.OpenHandle(String path, FileMode mode, FileAccess access, FileShare share, FileOptions options, Int64 preallocationSize)&#xD;
   at System.IO.File.WriteToFile(String path, FileMode mode, ReadOnlySpan`1 contents, Encoding encoding)&#xD;
   at System.IO.File.WriteAllText(String path, String contents, Encoding encoding)&#xD;
   at TrabalhoES2.UITests.CarteiraFilterTests.Register_WithValidData_SucceedsAndAllowsLogin() in C:\Users\tiagu\TrabES2\TrabalhoES2.UITests\CarteiraFilterTests.cs:line 397&#xD;
   at System.RuntimeMethodHandle.InvokeMethod(Object target, Void** arguments, Signature sig, Boolean isConstructor)&#xD;
   at System.Reflection.MethodBaseInvoker.InvokeWithNoArgs(Object obj, BindingFlags invokeAttr)
</StackTrace>
        </ErrorInfo>
      </Output>
    </UnitTestResult>
  </Results>
  <TestDefinitions>
    <UnitTest name="Register_WithValidData_SucceedsAndAllowsLogin" storage="c:\users\tiagu\trabes2\trabalhoes2.uitests\bin\debug\net9.0\trabalhoes2.uitests.dll" id="7956d2df-9631-019a-8c49-c2415b2f0f23">
      <Execution id="7e177979-179a-43ef-a066-a7e416d2ae21" />
      <TestMethod codeBase="C:\Users\tiagu\TrabES2\TrabalhoES2.UITests\bin\Debug\net9.0\TrabalhoES2.UITests.dll" adapterTypeName="executor://nunit3testexecutor/" className="TrabalhoES2.UITests.CarteiraFilterTests" name="Register_WithValidData_SucceedsAndAllowsLogin" />
    </UnitTest>
  </TestDefinitions>
  <TestEntries>
    <TestEntry testId="7956d2df-9631-019a-8c49-c2415b2f0f23" executionId="7e177979-179a-43ef-a066-a7e416d2ae21" testListId="8c84fa94-04c1-424b-9868-57a2d4851a1d" />
  </TestEntries>
  <TestLists>
    <TestList name="Results Not in a List" id="8c84fa94-04c1-424b-9868-57a2d4851a1d" />
    <TestList name="All Loaded Results" id="19431567-8539-422a-85d7-44ee4e166bda" />
  </TestLists>
  <ResultSummary outcome="Failed">
    <Counters total="1" executed="1" passed="0" failed="1" error="0" timeout="0" aborted="0" inconclusive="0" passedButRunAborted="0" notRunnable="0" notExecuted="0" disconnected="0" warning="0" completed="0" inProgress="0" pending="0" />
    <Output>
      <StdOut>NUnit Adapter 4.6.0.0: Test execution started&#xD;
Running selected tests in C:\Users\tiagu\TrabES2\TrabalhoES2.UITests\bin\Debug\net9.0\TrabalhoES2.UITests.dll&#xD;
   NUnit3TestExecutor discovered 1 of 1 NUnit test cases using Current Discovery mode, Non-Explicit run&#xD;
Starting ChromeDriver 137.0.7151.70 (dfa4dc56b2abb56eb2a14cad006ea5e68c60d5de-refs/branch-heads/7151@{#1875}) on port 59437&#xD;
Only local connections are allowed.&#xD;
Please see https://chromedriver.chromium.org/security-considerations for suggestions on keeping ChromeDriver safe.&#xD;
ChromeDriver was started successfully on port 59437.&#xD;
Starting ChromeDriver 137.0.7151.70 (dfa4dc56b2abb56eb2a14cad006ea5e68c60d5de-refs/branch-heads/7151@{#1875}) on port 59471&#xD;
Only local connections are allowed.&#xD;
Please see https://chromedriver.chromium.org/security-considerations for suggestions on keeping ChromeDriver safe.&#xD;
ChromeDriver was started successfully on port 59471.&#xD;
[DIAG] Field values before submit: {"email":"tf@ipvc.pt","password":"Piruças123#"}&#xD;
[DIAG] Screenshot before submit: screenshot_before_submit_20250615_174826_900.png, DOM: dom_before_submit_20250615_174826_900.html&#xD;
[DIAG] Click intercepted on 'login' at 206,716 size 334x50&#xD;
[DIAG] Screenshot: screenshot_login_20250615_174828_046.png, DOM: dom_login_20250615_174828_046.html&#xD;
[DIAG] Current URL after form submission: http://localhost:5168/&#xD;
[DIAG] Page source dumped to: page_after_login_20250615_174829_523.html&#xD;
[DIAG] Redirected away from login page - login may have succeeded&#xD;
&#xD;
NUnit Adapter 4.6.0.0: Test execution complete&#xD;
</StdOut>
    </Output>
  </ResultSummary>
</TestRun>