<?xml version="1.0" encoding="utf-8"?>
<TestRun id="3d616280-5c78-4896-9d3e-0baea68532a8" name="tiagu@TIAGOFERREIRA 2025-06-15 17:44:08" runUser="TIAGOFERREIRA\tiagu" xmlns="http://microsoft.com/schemas/VisualStudio/TeamTest/2010">
  <Times creation="2025-06-15T17:44:08.2347026+01:00" queuing="2025-06-15T17:44:08.2347027+01:00" start="2025-06-15T17:43:48.7487540+01:00" finish="2025-06-15T17:44:08.2455886+01:00" />
  <TestSettings name="default" id="ee2457e2-5b8e-4b59-8745-e6a5cdff17e0">
    <Deployment runDeploymentRoot="tiagu_TIAGOFERREIRA_2025-06-15_17_44_08" />
  </TestSettings>
  <Results>
    <UnitTestResult executionId="03bead5a-25bf-4383-b4f9-04e58a3fd346" testId="7956d2df-9631-019a-8c49-c2415b2f0f23" testName="Register_WithValidData_SucceedsAndAllowsLogin" computerName="TIAGOFERREIRA" duration="00:00:19.0508000" startTime="2025-06-15T17:43:49.1223383+01:00" endTime="2025-06-15T17:44:08.1731068+01:00" testType="13cdc9d9-ddb5-4fa4-a97d-d965ccfc6d4b" outcome="Failed" testListId="8c84fa94-04c1-424b-9868-57a2d4851a1d" relativeResultsDirectory="03bead5a-25bf-4383-b4f9-04e58a3fd346">
      <Output>
        <StdOut>[DIAG] Field values before submit: {"email":"tf@ipvc.pt","password":"Piruças123#"}&#xD;
[DIAG] Screenshot before submit: screenshot_before_submit_20250615_174350_616.png, DOM: dom_before_submit_20250615_174350_616.html&#xD;
[DIAG] Click intercepted on 'login' at 206,716 size 334x50&#xD;
[DIAG] Screenshot: screenshot_login_20250615_174351_754.png, DOM: dom_login_20250615_174351_754.html&#xD;
[DIAG] Current URL after form submission: http://localhost:5168/&#xD;
[DIAG] Page source dumped to: page_after_login_20250615_174353_187.html&#xD;
[DIAG] Redirected away from login page - login may have succeeded</StdOut>
        <ErrorInfo>
          <Message>Login did not succeed after registration. Exception: Timed out after 10 seconds</Message>
          <StackTrace>   at TrabalhoES2.UITests.CarteiraFilterTests.Register_WithValidData_SucceedsAndAllowsLogin() in C:\Users\tiagu\TrabES2\TrabalhoES2.UITests\CarteiraFilterTests.cs:line 398&#xD;

1)    at TrabalhoES2.UITests.CarteiraFilterTests.Register_WithValidData_SucceedsAndAllowsLogin() in C:\Users\tiagu\TrabES2\TrabalhoES2.UITests\CarteiraFilterTests.cs:line 359&#xD;

</StackTrace>
        </ErrorInfo>
      </Output>
    </UnitTestResult>
  </Results>
  <TestDefinitions>
    <UnitTest name="Register_WithValidData_SucceedsAndAllowsLogin" storage="c:\users\tiagu\trabes2\trabalhoes2.uitests\bin\debug\net9.0\trabalhoes2.uitests.dll" id="7956d2df-9631-019a-8c49-c2415b2f0f23">
      <Execution id="03bead5a-25bf-4383-b4f9-04e58a3fd346" />
      <TestMethod codeBase="C:\Users\tiagu\TrabES2\TrabalhoES2.UITests\bin\Debug\net9.0\TrabalhoES2.UITests.dll" adapterTypeName="executor://nunit3testexecutor/" className="TrabalhoES2.UITests.CarteiraFilterTests" name="Register_WithValidData_SucceedsAndAllowsLogin" />
    </UnitTest>
  </TestDefinitions>
  <TestEntries>
    <TestEntry testId="7956d2df-9631-019a-8c49-c2415b2f0f23" executionId="03bead5a-25bf-4383-b4f9-04e58a3fd346" testListId="8c84fa94-04c1-424b-9868-57a2d4851a1d" />
  </TestEntries>
  <TestLists>
    <TestList name="Results Not in a List" id="8c84fa94-04c1-424b-9868-57a2d4851a1d" />
    <TestList name="All Loaded Results" id="19431567-8539-422a-85d7-44ee4e166bda" />
  </TestLists>
  <ResultSummary outcome="Failed">
    <Counters total="1" executed="1" passed="0" failed="1" error="0" timeout="0" aborted="0" inconclusive="0" passedButRunAborted="0" notRunnable="0" notExecuted="0" disconnected="0" warning="0" completed="0" inProgress="0" pending="0" />
    <Output>
      <StdOut>NUnit Adapter 4.6.0.0: Test execution started&#xD;
Running selected tests in C:\Users\tiagu\TrabES2\TrabalhoES2.UITests\bin\Debug\net9.0\TrabalhoES2.UITests.dll&#xD;
   NUnit3TestExecutor discovered 1 of 1 NUnit test cases using Current Discovery mode, Non-Explicit run&#xD;
Starting ChromeDriver 137.0.7151.70 (dfa4dc56b2abb56eb2a14cad006ea5e68c60d5de-refs/branch-heads/7151@{#1875}) on port 59244&#xD;
Only local connections are allowed.&#xD;
Please see https://chromedriver.chromium.org/security-considerations for suggestions on keeping ChromeDriver safe.&#xD;
ChromeDriver was started successfully on port 59244.&#xD;
Starting ChromeDriver 137.0.7151.70 (dfa4dc56b2abb56eb2a14cad006ea5e68c60d5de-refs/branch-heads/7151@{#1875}) on port 59270&#xD;
Only local connections are allowed.&#xD;
Please see https://chromedriver.chromium.org/security-considerations for suggestions on keeping ChromeDriver safe.&#xD;
ChromeDriver was started successfully on port 59270.&#xD;
[DIAG] Field values before submit: {"email":"tf@ipvc.pt","password":"Piruças123#"}&#xD;
[DIAG] Screenshot before submit: screenshot_before_submit_20250615_174350_616.png, DOM: dom_before_submit_20250615_174350_616.html&#xD;
[DIAG] Click intercepted on 'login' at 206,716 size 334x50&#xD;
[DIAG] Screenshot: screenshot_login_20250615_174351_754.png, DOM: dom_login_20250615_174351_754.html&#xD;
[DIAG] Current URL after form submission: http://localhost:5168/&#xD;
[DIAG] Page source dumped to: page_after_login_20250615_174353_187.html&#xD;
[DIAG] Redirected away from login page - login may have succeeded&#xD;
&#xD;
NUnit Adapter 4.6.0.0: Test execution complete&#xD;
</StdOut>
    </Output>
  </ResultSummary>
</TestRun>