<?xml version="1.0" encoding="utf-8"?>
<TestRun id="18e42ddb-913d-4e87-896a-d4ab7b16f2a6" name="tiagu@TIAGOFERREIRA 2025-06-14 02:10:56" runUser="TIAGOFERREIRA\tiagu" xmlns="http://microsoft.com/schemas/VisualStudio/TeamTest/2010">
  <Times creation="2025-06-14T02:10:56.6734682+01:00" queuing="2025-06-14T02:10:56.6734685+01:00" start="2025-06-14T02:10:50.7194132+01:00" finish="2025-06-14T02:11:38.6706857+01:00" />
  <TestSettings name="default" id="1f37e905-fc9c-48ef-9dca-7e118dbced49">
    <Deployment runDeploymentRoot="tiagu_TIAGOFERREIRA_2025-06-14_02_10_56" />
  </TestSettings>
  <Results>
    <UnitTestResult executionId="e7079a22-2fa5-4532-a1c6-a0905d7c265b" testId="559428b5-910d-9765-564e-3b90ff745fd4" testName="Register_WithMismatchedPasswords_ShowsValidationError" computerName="TIAGOFERREIRA" duration="00:00:05.9997860" startTime="2025-06-14T02:11:32.6189708+01:00" endTime="2025-06-14T02:11:38.6187566+01:00" testType="13cdc9d9-ddb5-4fa4-a97d-d965ccfc6d4b" outcome="Failed" testListId="8c84fa94-04c1-424b-9868-57a2d4851a1d" relativeResultsDirectory="e7079a22-2fa5-4532-a1c6-a0905d7c265b">
      <Output>
        <ErrorInfo>
          <Message>OpenQA.Selenium.UnknownErrorException : unknown error: net::ERR_CONNECTION_REFUSED&#xD;
  (Session info: chrome=137.0.7151.103)</Message>
          <StackTrace>   at OpenQA.Selenium.WebDriver.UnpackAndThrowOnError(Response errorResponse, String commandToExecute)&#xD;
   at OpenQA.Selenium.WebDriver.ExecuteAsync(String driverCommandToExecute, Dictionary`2 parameters)&#xD;
   at OpenQA.Selenium.Navigator.GoToUrlAsync(String url)&#xD;
   at OpenQA.Selenium.Navigator.&lt;&gt;c__DisplayClass6_0.&lt;&lt;GoToUrl&gt;b__0&gt;d.MoveNext()&#xD;
--- End of stack trace from previous location ---&#xD;
   at OpenQA.Selenium.Navigator.GoToUrl(String url)&#xD;
   at TrabalhoES2.UITests.LoginAndRegisterTests.Register_WithMismatchedPasswords_ShowsValidationError() in C:\Users\tiagu\TrabES2\TrabalhoES2.UITests\LoginAndRegisterTests.cs:line 53&#xD;
   at System.RuntimeMethodHandle.InvokeMethod(Object target, Void** arguments, Signature sig, Boolean isConstructor)&#xD;
   at System.Reflection.MethodBaseInvoker.InvokeWithNoArgs(Object obj, BindingFlags invokeAttr)
</StackTrace>
        </ErrorInfo>
      </Output>
    </UnitTestResult>
    <UnitTestResult executionId="363d5486-ae86-4fa5-bbc9-c1960423d5e7" testId="c122568e-99d2-e3ee-48aa-13b0105c8911" testName="Login_WithInvalidCredentials_ShowsError" computerName="TIAGOFERREIRA" duration="00:00:05.8968070" startTime="2025-06-14T02:11:26.7221252+01:00" endTime="2025-06-14T02:11:32.6189318+01:00" testType="13cdc9d9-ddb5-4fa4-a97d-d965ccfc6d4b" outcome="Failed" testListId="8c84fa94-04c1-424b-9868-57a2d4851a1d" relativeResultsDirectory="363d5486-ae86-4fa5-bbc9-c1960423d5e7">
      <Output>
        <ErrorInfo>
          <Message>OpenQA.Selenium.UnknownErrorException : unknown error: net::ERR_CONNECTION_REFUSED&#xD;
  (Session info: chrome=137.0.7151.103)</Message>
          <StackTrace>   at OpenQA.Selenium.WebDriver.UnpackAndThrowOnError(Response errorResponse, String commandToExecute)&#xD;
   at OpenQA.Selenium.WebDriver.ExecuteAsync(String driverCommandToExecute, Dictionary`2 parameters)&#xD;
   at OpenQA.Selenium.Navigator.GoToUrlAsync(String url)&#xD;
   at OpenQA.Selenium.Navigator.&lt;&gt;c__DisplayClass6_0.&lt;&lt;GoToUrl&gt;b__0&gt;d.MoveNext()&#xD;
--- End of stack trace from previous location ---&#xD;
   at OpenQA.Selenium.Navigator.GoToUrl(String url)&#xD;
   at TrabalhoES2.UITests.LoginAndRegisterTests.Login_WithInvalidCredentials_ShowsError() in C:\Users\tiagu\TrabES2\TrabalhoES2.UITests\LoginAndRegisterTests.cs:line 38&#xD;
   at System.RuntimeMethodHandle.InvokeMethod(Object target, Void** arguments, Signature sig, Boolean isConstructor)&#xD;
   at System.Reflection.MethodBaseInvoker.InvokeWithNoArgs(Object obj, BindingFlags invokeAttr)
</StackTrace>
        </ErrorInfo>
      </Output>
    </UnitTestResult>
    <UnitTestResult executionId="fdbebe60-0c92-4c6e-a62f-97f2d0290401" testId="eda85cac-4bd9-3e3e-c2b9-51e6721f388e" testName="FiltrarPorTipo_ServerSide_FullPageReload" computerName="TIAGOFERREIRA" duration="00:00:00.0002350" startTime="2025-06-14T02:11:02.6293660+01:00" endTime="2025-06-14T02:11:02.6296008+01:00" testType="13cdc9d9-ddb5-4fa4-a97d-d965ccfc6d4b" outcome="NotExecuted" testListId="8c84fa94-04c1-424b-9868-57a2d4851a1d" relativeResultsDirectory="fdbebe60-0c92-4c6e-a62f-97f2d0290401">
      <Output>
        <StdOut>Server-side type filtering does a full postback; consider a dedicated controller test instead.</StdOut>
        <ErrorInfo>
          <Message>Server-side type filtering does a full postback; consider a dedicated controller test instead.</Message>
        </ErrorInfo>
      </Output>
    </UnitTestResult>
    <UnitTestResult executionId="f7f0f3e2-21f7-4f46-a4d8-9eda002e5905" testId="260d4b1a-89d8-ac0e-769a-3981d911d180" testName="Login_WithValidCredentials_RedirectsToHome" computerName="TIAGOFERREIRA" duration="00:00:05.9966130" startTime="2025-06-14T02:11:08.6867771+01:00" endTime="2025-06-14T02:11:14.6833894+01:00" testType="13cdc9d9-ddb5-4fa4-a97d-d965ccfc6d4b" outcome="Failed" testListId="8c84fa94-04c1-424b-9868-57a2d4851a1d" relativeResultsDirectory="f7f0f3e2-21f7-4f46-a4d8-9eda002e5905">
      <Output>
        <ErrorInfo>
          <Message>OpenQA.Selenium.UnknownErrorException : unknown error: net::ERR_CONNECTION_REFUSED&#xD;
  (Session info: chrome=137.0.7151.103)</Message>
          <StackTrace>   at OpenQA.Selenium.WebDriver.UnpackAndThrowOnError(Response errorResponse, String commandToExecute)&#xD;
   at OpenQA.Selenium.WebDriver.ExecuteAsync(String driverCommandToExecute, Dictionary`2 parameters)&#xD;
   at OpenQA.Selenium.Navigator.GoToUrlAsync(String url)&#xD;
   at OpenQA.Selenium.Navigator.&lt;&gt;c__DisplayClass6_0.&lt;&lt;GoToUrl&gt;b__0&gt;d.MoveNext()&#xD;
--- End of stack trace from previous location ---&#xD;
   at OpenQA.Selenium.Navigator.GoToUrl(String url)&#xD;
   at TrabalhoES2.UITests.CarteiraFilterTests.SetUp() in C:\Users\tiagu\TrabES2\TrabalhoES2.UITests\CarteiraFilterTests.cs:line 23&#xD;
   at InvokeStub_CarteiraFilterTests.SetUp(Object, Object, IntPtr*)&#xD;
   at System.Reflection.MethodBaseInvoker.InvokeWithNoArgs(Object obj, BindingFlags invokeAttr)
</StackTrace>
        </ErrorInfo>
      </Output>
    </UnitTestResult>
    <UnitTestResult executionId="2f6584bd-1db6-41a9-bd69-10bf2e6fedd0" testId="f4b9cf91-2b22-27c9-d701-d8530a246dce" testName="Logout_AfterLogin_ReturnsToLoginPage" computerName="TIAGOFERREIRA" duration="00:00:06.0609339" startTime="2025-06-14T02:11:14.6834405+01:00" endTime="2025-06-14T02:11:20.7443736+01:00" testType="13cdc9d9-ddb5-4fa4-a97d-d965ccfc6d4b" outcome="Failed" testListId="8c84fa94-04c1-424b-9868-57a2d4851a1d" relativeResultsDirectory="2f6584bd-1db6-41a9-bd69-10bf2e6fedd0">
      <Output>
        <ErrorInfo>
          <Message>OpenQA.Selenium.UnknownErrorException : unknown error: net::ERR_CONNECTION_REFUSED&#xD;
  (Session info: chrome=137.0.7151.103)</Message>
          <StackTrace>   at OpenQA.Selenium.WebDriver.UnpackAndThrowOnError(Response errorResponse, String commandToExecute)&#xD;
   at OpenQA.Selenium.WebDriver.ExecuteAsync(String driverCommandToExecute, Dictionary`2 parameters)&#xD;
   at OpenQA.Selenium.Navigator.GoToUrlAsync(String url)&#xD;
   at OpenQA.Selenium.Navigator.&lt;&gt;c__DisplayClass6_0.&lt;&lt;GoToUrl&gt;b__0&gt;d.MoveNext()&#xD;
--- End of stack trace from previous location ---&#xD;
   at OpenQA.Selenium.Navigator.GoToUrl(String url)&#xD;
   at TrabalhoES2.UITests.CarteiraFilterTests.SetUp() in C:\Users\tiagu\TrabES2\TrabalhoES2.UITests\CarteiraFilterTests.cs:line 23&#xD;
   at InvokeStub_CarteiraFilterTests.SetUp(Object, Object, IntPtr*)&#xD;
   at System.Reflection.MethodBaseInvoker.InvokeWithNoArgs(Object obj, BindingFlags invokeAttr)
</StackTrace>
        </ErrorInfo>
      </Output>
    </UnitTestResult>
    <UnitTestResult executionId="7a0d6ede-e590-4dd1-aab8-48b83acec1cb" testId="26e1fdb5-7605-b192-5325-59c650dba1f0" testName="FiltrarPorTipo_ServerSide_RetornaApenasDepositoPrazo" computerName="TIAGOFERREIRA" duration="00:00:06.0571270" startTime="2025-06-14T02:11:02.6296132+01:00" endTime="2025-06-14T02:11:08.6867392+01:00" testType="13cdc9d9-ddb5-4fa4-a97d-d965ccfc6d4b" outcome="Failed" testListId="8c84fa94-04c1-424b-9868-57a2d4851a1d" relativeResultsDirectory="7a0d6ede-e590-4dd1-aab8-48b83acec1cb">
      <Output>
        <ErrorInfo>
          <Message>OpenQA.Selenium.UnknownErrorException : unknown error: net::ERR_CONNECTION_REFUSED&#xD;
  (Session info: chrome=137.0.7151.103)</Message>
          <StackTrace>   at OpenQA.Selenium.WebDriver.UnpackAndThrowOnError(Response errorResponse, String commandToExecute)&#xD;
   at OpenQA.Selenium.WebDriver.ExecuteAsync(String driverCommandToExecute, Dictionary`2 parameters)&#xD;
   at OpenQA.Selenium.Navigator.GoToUrlAsync(String url)&#xD;
   at OpenQA.Selenium.Navigator.&lt;&gt;c__DisplayClass6_0.&lt;&lt;GoToUrl&gt;b__0&gt;d.MoveNext()&#xD;
--- End of stack trace from previous location ---&#xD;
   at OpenQA.Selenium.Navigator.GoToUrl(String url)&#xD;
   at TrabalhoES2.UITests.CarteiraFilterTests.SetUp() in C:\Users\tiagu\TrabES2\TrabalhoES2.UITests\CarteiraFilterTests.cs:line 23&#xD;
   at InvokeStub_CarteiraFilterTests.SetUp(Object, Object, IntPtr*)&#xD;
   at System.Reflection.MethodBaseInvoker.InvokeWithNoArgs(Object obj, BindingFlags invokeAttr)
</StackTrace>
        </ErrorInfo>
      </Output>
    </UnitTestResult>
    <UnitTestResult executionId="081a3ff6-e95a-4d99-9215-8adc7674b429" testId="b926c4fd-1af7-a249-d3e3-0b8c2cd228ac" testName="FiltrarPorDesignacao_ClientSide_HidesNonMatchingRows" computerName="TIAGOFERREIRA" duration="00:00:05.5448620" startTime="2025-06-14T02:10:51.0885713+01:00" endTime="2025-06-14T02:10:56.6334001+01:00" testType="13cdc9d9-ddb5-4fa4-a97d-d965ccfc6d4b" outcome="Failed" testListId="8c84fa94-04c1-424b-9868-57a2d4851a1d" relativeResultsDirectory="081a3ff6-e95a-4d99-9215-8adc7674b429">
      <Output>
        <ErrorInfo>
          <Message>OpenQA.Selenium.UnknownErrorException : unknown error: net::ERR_CONNECTION_REFUSED&#xD;
  (Session info: chrome=137.0.7151.103)</Message>
          <StackTrace>   at OpenQA.Selenium.WebDriver.UnpackAndThrowOnError(Response errorResponse, String commandToExecute)&#xD;
   at OpenQA.Selenium.WebDriver.ExecuteAsync(String driverCommandToExecute, Dictionary`2 parameters)&#xD;
   at OpenQA.Selenium.Navigator.GoToUrlAsync(String url)&#xD;
   at OpenQA.Selenium.Navigator.&lt;&gt;c__DisplayClass6_0.&lt;&lt;GoToUrl&gt;b__0&gt;d.MoveNext()&#xD;
--- End of stack trace from previous location ---&#xD;
   at OpenQA.Selenium.Navigator.GoToUrl(String url)&#xD;
   at TrabalhoES2.UITests.CarteiraFilterTests.SetUp() in C:\Users\tiagu\TrabES2\TrabalhoES2.UITests\CarteiraFilterTests.cs:line 23&#xD;
   at System.RuntimeMethodHandle.InvokeMethod(Object target, Void** arguments, Signature sig, Boolean isConstructor)&#xD;
   at System.Reflection.MethodBaseInvoker.InvokeWithNoArgs(Object obj, BindingFlags invokeAttr)
</StackTrace>
        </ErrorInfo>
      </Output>
    </UnitTestResult>
    <UnitTestResult executionId="95415f85-52be-433c-baf6-ad5d288a219e" testId="aa3d1e95-e1f1-d306-c7d7-37992c58240e" testName="Test1" computerName="TIAGOFERREIRA" duration="00:00:00.0095930" startTime="2025-06-14T02:11:38.6190246+01:00" endTime="2025-06-14T02:11:38.6286176+01:00" testType="13cdc9d9-ddb5-4fa4-a97d-d965ccfc6d4b" outcome="Passed" testListId="8c84fa94-04c1-424b-9868-57a2d4851a1d" relativeResultsDirectory="95415f85-52be-433c-baf6-ad5d288a219e" />
    <UnitTestResult executionId="ed3f6f5b-ae0a-410b-b868-a39e9e52df0b" testId="7956d2df-9631-019a-8c49-c2415b2f0f23" testName="Register_WithValidData_SucceedsAndAllowsLogin" computerName="TIAGOFERREIRA" duration="00:00:05.9762170" startTime="2025-06-14T02:11:20.7444154+01:00" endTime="2025-06-14T02:11:26.7206320+01:00" testType="13cdc9d9-ddb5-4fa4-a97d-d965ccfc6d4b" outcome="Failed" testListId="8c84fa94-04c1-424b-9868-57a2d4851a1d" relativeResultsDirectory="ed3f6f5b-ae0a-410b-b868-a39e9e52df0b">
      <Output>
        <ErrorInfo>
          <Message>OpenQA.Selenium.UnknownErrorException : unknown error: net::ERR_CONNECTION_REFUSED&#xD;
  (Session info: chrome=137.0.7151.103)</Message>
          <StackTrace>   at OpenQA.Selenium.WebDriver.UnpackAndThrowOnError(Response errorResponse, String commandToExecute)&#xD;
   at OpenQA.Selenium.WebDriver.ExecuteAsync(String driverCommandToExecute, Dictionary`2 parameters)&#xD;
   at OpenQA.Selenium.Navigator.GoToUrlAsync(String url)&#xD;
   at OpenQA.Selenium.Navigator.&lt;&gt;c__DisplayClass6_0.&lt;&lt;GoToUrl&gt;b__0&gt;d.MoveNext()&#xD;
--- End of stack trace from previous location ---&#xD;
   at OpenQA.Selenium.Navigator.GoToUrl(String url)&#xD;
   at TrabalhoES2.UITests.CarteiraFilterTests.SetUp() in C:\Users\tiagu\TrabES2\TrabalhoES2.UITests\CarteiraFilterTests.cs:line 23&#xD;
   at InvokeStub_CarteiraFilterTests.SetUp(Object, Object, IntPtr*)&#xD;
   at System.Reflection.MethodBaseInvoker.InvokeWithNoArgs(Object obj, BindingFlags invokeAttr)
</StackTrace>
        </ErrorInfo>
      </Output>
    </UnitTestResult>
    <UnitTestResult executionId="f5ec75cb-4325-43cd-a1bb-6ed1b7e97498" testId="ed177349-2bc8-f129-2a79-745177194bdc" testName="FiltrarPorMontante_ServerSide" computerName="TIAGOFERREIRA" duration="00:00:05.9950390" startTime="2025-06-14T02:10:56.6342811+01:00" endTime="2025-06-14T02:11:02.6293203+01:00" testType="13cdc9d9-ddb5-4fa4-a97d-d965ccfc6d4b" outcome="Failed" testListId="8c84fa94-04c1-424b-9868-57a2d4851a1d" relativeResultsDirectory="f5ec75cb-4325-43cd-a1bb-6ed1b7e97498">
      <Output>
        <ErrorInfo>
          <Message>OpenQA.Selenium.UnknownErrorException : unknown error: net::ERR_CONNECTION_REFUSED&#xD;
  (Session info: chrome=137.0.7151.103)</Message>
          <StackTrace>   at OpenQA.Selenium.WebDriver.UnpackAndThrowOnError(Response errorResponse, String commandToExecute)&#xD;
   at OpenQA.Selenium.WebDriver.ExecuteAsync(String driverCommandToExecute, Dictionary`2 parameters)&#xD;
   at OpenQA.Selenium.Navigator.GoToUrlAsync(String url)&#xD;
   at OpenQA.Selenium.Navigator.&lt;&gt;c__DisplayClass6_0.&lt;&lt;GoToUrl&gt;b__0&gt;d.MoveNext()&#xD;
--- End of stack trace from previous location ---&#xD;
   at OpenQA.Selenium.Navigator.GoToUrl(String url)&#xD;
   at TrabalhoES2.UITests.CarteiraFilterTests.SetUp() in C:\Users\tiagu\TrabES2\TrabalhoES2.UITests\CarteiraFilterTests.cs:line 23&#xD;
   at InvokeStub_CarteiraFilterTests.SetUp(Object, Object, IntPtr*)&#xD;
   at System.Reflection.MethodBaseInvoker.InvokeWithNoArgs(Object obj, BindingFlags invokeAttr)
</StackTrace>
        </ErrorInfo>
      </Output>
    </UnitTestResult>
  </Results>
  <TestDefinitions>
    <UnitTest name="Register_WithValidData_SucceedsAndAllowsLogin" storage="c:\users\tiagu\trabes2\trabalhoes2.uitests\bin\debug\net9.0\trabalhoes2.uitests.dll" id="7956d2df-9631-019a-8c49-c2415b2f0f23">
      <Execution id="ed3f6f5b-ae0a-410b-b868-a39e9e52df0b" />
      <TestMethod codeBase="C:\Users\tiagu\TrabES2\TrabalhoES2.UITests\bin\Debug\net9.0\TrabalhoES2.UITests.dll" adapterTypeName="executor://nunit3testexecutor/" className="TrabalhoES2.UITests.CarteiraFilterTests" name="Register_WithValidData_SucceedsAndAllowsLogin" />
    </UnitTest>
    <UnitTest name="Register_WithMismatchedPasswords_ShowsValidationError" storage="c:\users\tiagu\trabes2\trabalhoes2.uitests\bin\debug\net9.0\trabalhoes2.uitests.dll" id="559428b5-910d-9765-564e-3b90ff745fd4">
      <Execution id="e7079a22-2fa5-4532-a1c6-a0905d7c265b" />
      <TestMethod codeBase="C:\Users\tiagu\TrabES2\TrabalhoES2.UITests\bin\Debug\net9.0\TrabalhoES2.UITests.dll" adapterTypeName="executor://nunit3testexecutor/" className="TrabalhoES2.UITests.LoginAndRegisterTests" name="Register_WithMismatchedPasswords_ShowsValidationError" />
    </UnitTest>
    <UnitTest name="Logout_AfterLogin_ReturnsToLoginPage" storage="c:\users\tiagu\trabes2\trabalhoes2.uitests\bin\debug\net9.0\trabalhoes2.uitests.dll" id="f4b9cf91-2b22-27c9-d701-d8530a246dce">
      <Execution id="2f6584bd-1db6-41a9-bd69-10bf2e6fedd0" />
      <TestMethod codeBase="C:\Users\tiagu\TrabES2\TrabalhoES2.UITests\bin\Debug\net9.0\TrabalhoES2.UITests.dll" adapterTypeName="executor://nunit3testexecutor/" className="TrabalhoES2.UITests.CarteiraFilterTests" name="Logout_AfterLogin_ReturnsToLoginPage" />
    </UnitTest>
    <UnitTest name="FiltrarPorTipo_ServerSide_FullPageReload" storage="c:\users\tiagu\trabes2\trabalhoes2.uitests\bin\debug\net9.0\trabalhoes2.uitests.dll" id="eda85cac-4bd9-3e3e-c2b9-51e6721f388e">
      <Execution id="fdbebe60-0c92-4c6e-a62f-97f2d0290401" />
      <TestMethod codeBase="C:\Users\tiagu\TrabES2\TrabalhoES2.UITests\bin\Debug\net9.0\TrabalhoES2.UITests.dll" adapterTypeName="executor://nunit3testexecutor/" className="TrabalhoES2.UITests.CarteiraFilterTests" name="FiltrarPorTipo_ServerSide_FullPageReload" />
    </UnitTest>
    <UnitTest name="FiltrarPorTipo_ServerSide_RetornaApenasDepositoPrazo" storage="c:\users\tiagu\trabes2\trabalhoes2.uitests\bin\debug\net9.0\trabalhoes2.uitests.dll" id="26e1fdb5-7605-b192-5325-59c650dba1f0">
      <Execution id="7a0d6ede-e590-4dd1-aab8-48b83acec1cb" />
      <TestMethod codeBase="C:\Users\tiagu\TrabES2\TrabalhoES2.UITests\bin\Debug\net9.0\TrabalhoES2.UITests.dll" adapterTypeName="executor://nunit3testexecutor/" className="TrabalhoES2.UITests.CarteiraFilterTests" name="FiltrarPorTipo_ServerSide_RetornaApenasDepositoPrazo" />
    </UnitTest>
    <UnitTest name="FiltrarPorDesignacao_ClientSide_HidesNonMatchingRows" storage="c:\users\tiagu\trabes2\trabalhoes2.uitests\bin\debug\net9.0\trabalhoes2.uitests.dll" id="b926c4fd-1af7-a249-d3e3-0b8c2cd228ac">
      <Execution id="081a3ff6-e95a-4d99-9215-8adc7674b429" />
      <TestMethod codeBase="C:\Users\tiagu\TrabES2\TrabalhoES2.UITests\bin\Debug\net9.0\TrabalhoES2.UITests.dll" adapterTypeName="executor://nunit3testexecutor/" className="TrabalhoES2.UITests.CarteiraFilterTests" name="FiltrarPorDesignacao_ClientSide_HidesNonMatchingRows" />
    </UnitTest>
    <UnitTest name="Login_WithValidCredentials_RedirectsToHome" storage="c:\users\tiagu\trabes2\trabalhoes2.uitests\bin\debug\net9.0\trabalhoes2.uitests.dll" id="260d4b1a-89d8-ac0e-769a-3981d911d180">
      <Execution id="f7f0f3e2-21f7-4f46-a4d8-9eda002e5905" />
      <TestMethod codeBase="C:\Users\tiagu\TrabES2\TrabalhoES2.UITests\bin\Debug\net9.0\TrabalhoES2.UITests.dll" adapterTypeName="executor://nunit3testexecutor/" className="TrabalhoES2.UITests.CarteiraFilterTests" name="Login_WithValidCredentials_RedirectsToHome" />
    </UnitTest>
    <UnitTest name="Login_WithInvalidCredentials_ShowsError" storage="c:\users\tiagu\trabes2\trabalhoes2.uitests\bin\debug\net9.0\trabalhoes2.uitests.dll" id="c122568e-99d2-e3ee-48aa-13b0105c8911">
      <Execution id="363d5486-ae86-4fa5-bbc9-c1960423d5e7" />
      <TestMethod codeBase="C:\Users\tiagu\TrabES2\TrabalhoES2.UITests\bin\Debug\net9.0\TrabalhoES2.UITests.dll" adapterTypeName="executor://nunit3testexecutor/" className="TrabalhoES2.UITests.LoginAndRegisterTests" name="Login_WithInvalidCredentials_ShowsError" />
    </UnitTest>
    <UnitTest name="Test1" storage="c:\users\tiagu\trabes2\trabalhoes2.uitests\bin\debug\net9.0\trabalhoes2.uitests.dll" id="aa3d1e95-e1f1-d306-c7d7-37992c58240e">
      <Execution id="95415f85-52be-433c-baf6-ad5d288a219e" />
      <TestMethod codeBase="C:\Users\tiagu\TrabES2\TrabalhoES2.UITests\bin\Debug\net9.0\TrabalhoES2.UITests.dll" adapterTypeName="executor://nunit3testexecutor/" className="TrabalhoES2.UITests.Tests" name="Test1" />
    </UnitTest>
    <UnitTest name="FiltrarPorMontante_ServerSide" storage="c:\users\tiagu\trabes2\trabalhoes2.uitests\bin\debug\net9.0\trabalhoes2.uitests.dll" id="ed177349-2bc8-f129-2a79-745177194bdc">
      <Execution id="f5ec75cb-4325-43cd-a1bb-6ed1b7e97498" />
      <TestMethod codeBase="C:\Users\tiagu\TrabES2\TrabalhoES2.UITests\bin\Debug\net9.0\TrabalhoES2.UITests.dll" adapterTypeName="executor://nunit3testexecutor/" className="TrabalhoES2.UITests.CarteiraFilterTests" name="FiltrarPorMontante_ServerSide" />
    </UnitTest>
  </TestDefinitions>
  <TestEntries>
    <TestEntry testId="559428b5-910d-9765-564e-3b90ff745fd4" executionId="e7079a22-2fa5-4532-a1c6-a0905d7c265b" testListId="8c84fa94-04c1-424b-9868-57a2d4851a1d" />
    <TestEntry testId="c122568e-99d2-e3ee-48aa-13b0105c8911" executionId="363d5486-ae86-4fa5-bbc9-c1960423d5e7" testListId="8c84fa94-04c1-424b-9868-57a2d4851a1d" />
    <TestEntry testId="eda85cac-4bd9-3e3e-c2b9-51e6721f388e" executionId="fdbebe60-0c92-4c6e-a62f-97f2d0290401" testListId="8c84fa94-04c1-424b-9868-57a2d4851a1d" />
    <TestEntry testId="260d4b1a-89d8-ac0e-769a-3981d911d180" executionId="f7f0f3e2-21f7-4f46-a4d8-9eda002e5905" testListId="8c84fa94-04c1-424b-9868-57a2d4851a1d" />
    <TestEntry testId="f4b9cf91-2b22-27c9-d701-d8530a246dce" executionId="2f6584bd-1db6-41a9-bd69-10bf2e6fedd0" testListId="8c84fa94-04c1-424b-9868-57a2d4851a1d" />
    <TestEntry testId="26e1fdb5-7605-b192-5325-59c650dba1f0" executionId="7a0d6ede-e590-4dd1-aab8-48b83acec1cb" testListId="8c84fa94-04c1-424b-9868-57a2d4851a1d" />
    <TestEntry testId="b926c4fd-1af7-a249-d3e3-0b8c2cd228ac" executionId="081a3ff6-e95a-4d99-9215-8adc7674b429" testListId="8c84fa94-04c1-424b-9868-57a2d4851a1d" />
    <TestEntry testId="aa3d1e95-e1f1-d306-c7d7-37992c58240e" executionId="95415f85-52be-433c-baf6-ad5d288a219e" testListId="8c84fa94-04c1-424b-9868-57a2d4851a1d" />
    <TestEntry testId="7956d2df-9631-019a-8c49-c2415b2f0f23" executionId="ed3f6f5b-ae0a-410b-b868-a39e9e52df0b" testListId="8c84fa94-04c1-424b-9868-57a2d4851a1d" />
    <TestEntry testId="ed177349-2bc8-f129-2a79-745177194bdc" executionId="f5ec75cb-4325-43cd-a1bb-6ed1b7e97498" testListId="8c84fa94-04c1-424b-9868-57a2d4851a1d" />
  </TestEntries>
  <TestLists>
    <TestList name="Results Not in a List" id="8c84fa94-04c1-424b-9868-57a2d4851a1d" />
    <TestList name="All Loaded Results" id="19431567-8539-422a-85d7-44ee4e166bda" />
  </TestLists>
  <ResultSummary outcome="Failed">
    <Counters total="10" executed="9" passed="1" failed="8" error="0" timeout="0" aborted="0" inconclusive="0" passedButRunAborted="0" notRunnable="0" notExecuted="0" disconnected="0" warning="0" completed="0" inProgress="0" pending="0" />
    <Output>
      <StdOut>NUnit Adapter 4.6.0.0: Test execution started&#xD;
Running all tests in C:\Users\tiagu\TrabES2\TrabalhoES2.UITests\bin\Debug\net9.0\TrabalhoES2.UITests.dll&#xD;
   NUnit3TestExecutor discovered 10 of 10 NUnit test cases using Current Discovery mode, Non-Explicit run&#xD;
Starting ChromeDriver 137.0.7151.70 (dfa4dc56b2abb56eb2a14cad006ea5e68c60d5de-refs/branch-heads/7151@{#1875}) on port 50596&#xD;
Only local connections are allowed.&#xD;
Please see https://chromedriver.chromium.org/security-considerations for suggestions on keeping ChromeDriver safe.&#xD;
ChromeDriver was started successfully on port 50596.&#xD;
Starting ChromeDriver 137.0.7151.70 (dfa4dc56b2abb56eb2a14cad006ea5e68c60d5de-refs/branch-heads/7151@{#1875}) on port 50621&#xD;
Only local connections are allowed.&#xD;
Please see https://chromedriver.chromium.org/security-considerations for suggestions on keeping ChromeDriver safe.&#xD;
ChromeDriver was started successfully on port 50621.&#xD;
FiltrarPorTipo_ServerSide_FullPageReload: Server-side type filtering does a full postback; consider a dedicated controller test instead.&#xD;
Starting ChromeDriver 137.0.7151.70 (dfa4dc56b2abb56eb2a14cad006ea5e68c60d5de-refs/branch-heads/7151@{#1875}) on port 50645&#xD;
Only local connections are allowed.&#xD;
Please see https://chromedriver.chromium.org/security-considerations for suggestions on keeping ChromeDriver safe.&#xD;
ChromeDriver was started successfully on port 50645.&#xD;
Test 'FiltrarPorTipo_ServerSide_FullPageReload' was skipped in the test run.&#xD;
Starting ChromeDriver 137.0.7151.70 (dfa4dc56b2abb56eb2a14cad006ea5e68c60d5de-refs/branch-heads/7151@{#1875}) on port 50668&#xD;
Only local connections are allowed.&#xD;
Please see https://chromedriver.chromium.org/security-considerations for suggestions on keeping ChromeDriver safe.&#xD;
ChromeDriver was started successfully on port 50668.&#xD;
Starting ChromeDriver 137.0.7151.70 (dfa4dc56b2abb56eb2a14cad006ea5e68c60d5de-refs/branch-heads/7151@{#1875}) on port 50694&#xD;
Only local connections are allowed.&#xD;
Please see https://chromedriver.chromium.org/security-considerations for suggestions on keeping ChromeDriver safe.&#xD;
ChromeDriver was started successfully on port 50694.&#xD;
Starting ChromeDriver 137.0.7151.70 (dfa4dc56b2abb56eb2a14cad006ea5e68c60d5de-refs/branch-heads/7151@{#1875}) on port 50718&#xD;
Only local connections are allowed.&#xD;
Please see https://chromedriver.chromium.org/security-considerations for suggestions on keeping ChromeDriver safe.&#xD;
ChromeDriver was started successfully on port 50718.&#xD;
Starting ChromeDriver 137.0.7151.70 (dfa4dc56b2abb56eb2a14cad006ea5e68c60d5de-refs/branch-heads/7151@{#1875}) on port 50741&#xD;
Only local connections are allowed.&#xD;
Please see https://chromedriver.chromium.org/security-considerations for suggestions on keeping ChromeDriver safe.&#xD;
ChromeDriver was started successfully on port 50741.&#xD;
Starting ChromeDriver 137.0.7151.70 (dfa4dc56b2abb56eb2a14cad006ea5e68c60d5de-refs/branch-heads/7151@{#1875}) on port 50768&#xD;
Only local connections are allowed.&#xD;
Please see https://chromedriver.chromium.org/security-considerations for suggestions on keeping ChromeDriver safe.&#xD;
ChromeDriver was started successfully on port 50768.&#xD;
NUnit Adapter 4.6.0.0: Test execution complete&#xD;
</StdOut>
    </Output>
  </ResultSummary>
</TestRun>