<?xml version="1.0" encoding="utf-8"?>
<TestRun id="6cf6455d-31e8-4c29-97f7-086c4d0cdd98" name="tiagu@TIAGOFERREIRA 2025-06-15 17:09:00" runUser="TIAGOFERREIRA\tiagu" xmlns="http://microsoft.com/schemas/VisualStudio/TeamTest/2010">
  <Times creation="2025-06-15T17:09:00.3558647+01:00" queuing="2025-06-15T17:09:00.3558650+01:00" start="2025-06-15T17:08:54.9524830+01:00" finish="2025-06-15T17:09:42.2394267+01:00" />
  <TestSettings name="default" id="05ec2b62-8032-4985-9179-5b33b13ae306">
    <Deployment runDeploymentRoot="tiagu_TIAGOFERREIRA_2025-06-15_17_09_00" />
  </TestSettings>
  <Results>
    <UnitTestResult executionId="4bf21f57-42d7-47e2-b32a-35a7926ec422" testId="26e1fdb5-7605-b192-5325-59c650dba1f0" testName="FiltrarPorTipo_ServerSide_RetornaApenasDepositoPrazo" computerName="TIAGOFERREIRA" duration="00:00:05.5513230" startTime="2025-06-15T17:09:05.3489679+01:00" endTime="2025-06-15T17:09:10.9002909+01:00" testType="13cdc9d9-ddb5-4fa4-a97d-d965ccfc6d4b" outcome="Passed" testListId="8c84fa94-04c1-424b-9868-57a2d4851a1d" relativeResultsDirectory="4bf21f57-42d7-47e2-b32a-35a7926ec422">
      <Output>
        <StdOut>[DIAG] Field values before submit: {"email":"tf@ipvc.pt","password":"Piruças123#"}&#xD;
[DIAG] Screenshot before submit: screenshot_before_submit_20250615_170907_533.png, DOM: dom_before_submit_20250615_170907_533.html&#xD;
[DIAG] Click intercepted on 'login' at 206,561 size 334x50&#xD;
[DIAG] Screenshot: screenshot_login_20250615_170908_711.png, DOM: dom_login_20250615_170908_711.html&#xD;
[DIAG] Current URL after form submission: http://localhost:5168/&#xD;
[DIAG] Page source dumped to: page_after_login_20250615_170910_180.html&#xD;
[DIAG] Redirected away from login page - login may have succeeded</StdOut>
      </Output>
    </UnitTestResult>
    <UnitTestResult executionId="3f16cb23-9ac6-472e-acd4-2d07f839d3b2" testId="260d4b1a-89d8-ac0e-769a-3981d911d180" testName="Login_WithValidCredentials_RedirectsToHome" computerName="TIAGOFERREIRA" duration="00:00:04.4196140" startTime="2025-06-15T17:09:10.9003294+01:00" endTime="2025-06-15T17:09:15.3199427+01:00" testType="13cdc9d9-ddb5-4fa4-a97d-d965ccfc6d4b" outcome="Passed" testListId="8c84fa94-04c1-424b-9868-57a2d4851a1d" relativeResultsDirectory="3f16cb23-9ac6-472e-acd4-2d07f839d3b2">
      <Output>
        <StdOut>[DIAG] Field values before submit: {"email":"tf@ipvc.pt","password":"Piruças123#"}&#xD;
[DIAG] Screenshot before submit: screenshot_before_submit_20250615_170912_755.png, DOM: dom_before_submit_20250615_170912_755.html&#xD;
[DIAG] Click intercepted on 'login' at 206,561 size 334x50&#xD;
[DIAG] Screenshot: screenshot_login_20250615_170913_913.png, DOM: dom_login_20250615_170913_913.html&#xD;
[DIAG] Current URL after form submission: http://localhost:5168/&#xD;
[DIAG] Page source dumped to: page_after_login_20250615_170915_189.html&#xD;
[DIAG] Redirected away from login page - login may have succeeded</StdOut>
      </Output>
    </UnitTestResult>
    <UnitTestResult executionId="ed0d92a8-2b17-4ffd-ad75-e6b06477979e" testId="aa3d1e95-e1f1-d306-c7d7-37992c58240e" testName="Test1" computerName="TIAGOFERREIRA" duration="00:00:00.0003379" startTime="2025-06-15T17:09:42.1921200+01:00" endTime="2025-06-15T17:09:42.1924582+01:00" testType="13cdc9d9-ddb5-4fa4-a97d-d965ccfc6d4b" outcome="Passed" testListId="8c84fa94-04c1-424b-9868-57a2d4851a1d" relativeResultsDirectory="ed0d92a8-2b17-4ffd-ad75-e6b06477979e" />
    <UnitTestResult executionId="8929ce27-e38e-4cd1-9d46-c3340677e6a6" testId="ed177349-2bc8-f129-2a79-745177194bdc" testName="FiltrarPorMontante_ServerSide" computerName="TIAGOFERREIRA" duration="00:00:05.0251690" startTime="2025-06-15T17:09:00.3232511+01:00" endTime="2025-06-15T17:09:05.3484194+01:00" testType="13cdc9d9-ddb5-4fa4-a97d-d965ccfc6d4b" outcome="Passed" testListId="8c84fa94-04c1-424b-9868-57a2d4851a1d" relativeResultsDirectory="8929ce27-e38e-4cd1-9d46-c3340677e6a6">
      <Output>
        <StdOut>[DIAG] Field values before submit: {"email":"tf@ipvc.pt","password":"Piruças123#"}&#xD;
[DIAG] Screenshot before submit: screenshot_before_submit_20250615_170902_155.png, DOM: dom_before_submit_20250615_170902_155.html&#xD;
[DIAG] Click intercepted on 'login' at 206,561 size 334x50&#xD;
[DIAG] Screenshot: screenshot_login_20250615_170903_303.png, DOM: dom_login_20250615_170903_303.html&#xD;
[DIAG] Current URL after form submission: http://localhost:5168/&#xD;
[DIAG] Page source dumped to: page_after_login_20250615_170904_607.html&#xD;
[DIAG] Redirected away from login page - login may have succeeded</StdOut>
      </Output>
    </UnitTestResult>
    <UnitTestResult executionId="b7334b7f-122c-4d8b-a734-bdf1e01b42f2" testId="f4b9cf91-2b22-27c9-d701-d8530a246dce" testName="Logout_AfterLogin_ReturnsToLoginPage" computerName="TIAGOFERREIRA" duration="00:00:04.5591609" startTime="2025-06-15T17:09:15.3199841+01:00" endTime="2025-06-15T17:09:19.8791439+01:00" testType="13cdc9d9-ddb5-4fa4-a97d-d965ccfc6d4b" outcome="Passed" testListId="8c84fa94-04c1-424b-9868-57a2d4851a1d" relativeResultsDirectory="b7334b7f-122c-4d8b-a734-bdf1e01b42f2">
      <Output>
        <StdOut>[DIAG] Field values before submit: {"email":"tf@ipvc.pt","password":"Piruças123#"}&#xD;
[DIAG] Screenshot before submit: screenshot_before_submit_20250615_170917_095.png, DOM: dom_before_submit_20250615_170917_095.html&#xD;
[DIAG] Click intercepted on 'login' at 206,561 size 334x50&#xD;
[DIAG] Screenshot: screenshot_login_20250615_170918_177.png, DOM: dom_login_20250615_170918_177.html&#xD;
[DIAG] Current URL after form submission: http://localhost:5168/&#xD;
[DIAG] Page source dumped to: page_after_login_20250615_170919_470.html&#xD;
[DIAG] Redirected away from login page - login may have succeeded</StdOut>
      </Output>
    </UnitTestResult>
    <UnitTestResult executionId="a1fc6370-ffd7-4e78-b175-cc7fbefe524d" testId="559428b5-910d-9765-564e-3b90ff745fd4" testName="Register_WithMismatchedPasswords_ShowsValidationError" computerName="TIAGOFERREIRA" duration="00:00:01.8237170" startTime="2025-06-15T17:09:40.3680985+01:00" endTime="2025-06-15T17:09:42.1918144+01:00" testType="13cdc9d9-ddb5-4fa4-a97d-d965ccfc6d4b" outcome="Passed" testListId="8c84fa94-04c1-424b-9868-57a2d4851a1d" relativeResultsDirectory="a1fc6370-ffd7-4e78-b175-cc7fbefe524d" />
    <UnitTestResult executionId="89a07bbe-1057-462b-adf2-23f101312b4b" testId="c122568e-99d2-e3ee-48aa-13b0105c8911" testName="Login_WithInvalidCredentials_ShowsError" computerName="TIAGOFERREIRA" duration="00:00:01.8215520" startTime="2025-06-15T17:09:38.5465106+01:00" endTime="2025-06-15T17:09:40.3680617+01:00" testType="13cdc9d9-ddb5-4fa4-a97d-d965ccfc6d4b" outcome="Passed" testListId="8c84fa94-04c1-424b-9868-57a2d4851a1d" relativeResultsDirectory="89a07bbe-1057-462b-adf2-23f101312b4b" />
    <UnitTestResult executionId="4a6393b1-6991-4624-8ec4-7fa7b789fdcf" testId="eda85cac-4bd9-3e3e-c2b9-51e6721f388e" testName="FiltrarPorTipo_ServerSide_FullPageReload" computerName="TIAGOFERREIRA" duration="00:00:00.0004300" startTime="2025-06-15T17:09:05.3484661+01:00" endTime="2025-06-15T17:09:05.3488952+01:00" testType="13cdc9d9-ddb5-4fa4-a97d-d965ccfc6d4b" outcome="NotExecuted" testListId="8c84fa94-04c1-424b-9868-57a2d4851a1d" relativeResultsDirectory="4a6393b1-6991-4624-8ec4-7fa7b789fdcf">
      <Output>
        <StdOut>Server-side type filtering does a full postback; consider a dedicated controller test instead.</StdOut>
        <ErrorInfo>
          <Message>Server-side type filtering does a full postback; consider a dedicated controller test instead.</Message>
        </ErrorInfo>
      </Output>
    </UnitTestResult>
    <UnitTestResult executionId="6b63e476-3fd8-428e-9b45-ffe23e04f25d" testId="7956d2df-9631-019a-8c49-c2415b2f0f23" testName="Register_WithValidData_SucceedsAndAllowsLogin" computerName="TIAGOFERREIRA" duration="00:00:18.6649770" startTime="2025-06-15T17:09:19.8791792+01:00" endTime="2025-06-15T17:09:38.5441549+01:00" testType="13cdc9d9-ddb5-4fa4-a97d-d965ccfc6d4b" outcome="Failed" testListId="8c84fa94-04c1-424b-9868-57a2d4851a1d" relativeResultsDirectory="6b63e476-3fd8-428e-9b45-ffe23e04f25d">
      <Output>
        <StdOut>[DIAG] Field values before submit: {"email":"tf@ipvc.pt","password":"Piruças123#"}&#xD;
[DIAG] Screenshot before submit: screenshot_before_submit_20250615_170921_692.png, DOM: dom_before_submit_20250615_170921_692.html&#xD;
[DIAG] Click intercepted on 'login' at 206,561 size 334x50&#xD;
[DIAG] Screenshot: screenshot_login_20250615_170922_819.png, DOM: dom_login_20250615_170922_819.html&#xD;
[DIAG] Current URL after form submission: http://localhost:5168/&#xD;
[DIAG] Page source dumped to: page_after_login_20250615_170924_103.html&#xD;
[DIAG] Redirected away from login page - login may have succeeded</StdOut>
        <ErrorInfo>
          <Message>Login did not succeed after registration. Exception: Timed out after 10 seconds</Message>
          <StackTrace>   at TrabalhoES2.UITests.CarteiraFilterTests.Register_WithValidData_SucceedsAndAllowsLogin() in C:\Users\tiagu\TrabES2\TrabalhoES2.UITests\CarteiraFilterTests.cs:line 384&#xD;

1)    at TrabalhoES2.UITests.CarteiraFilterTests.Register_WithValidData_SucceedsAndAllowsLogin() in C:\Users\tiagu\TrabES2\TrabalhoES2.UITests\CarteiraFilterTests.cs:line 359&#xD;

</StackTrace>
        </ErrorInfo>
      </Output>
    </UnitTestResult>
    <UnitTestResult executionId="77502e67-98a6-4a6e-bb13-64945e72e633" testId="b926c4fd-1af7-a249-d3e3-0b8c2cd228ac" testName="FiltrarPorDesignacao_ClientSide_HidesNonMatchingRows" computerName="TIAGOFERREIRA" duration="00:00:04.8364280" startTime="2025-06-15T17:08:55.4860727+01:00" endTime="2025-06-15T17:09:00.3224482+01:00" testType="13cdc9d9-ddb5-4fa4-a97d-d965ccfc6d4b" outcome="Passed" testListId="8c84fa94-04c1-424b-9868-57a2d4851a1d" relativeResultsDirectory="77502e67-98a6-4a6e-bb13-64945e72e633">
      <Output>
        <StdOut>[DIAG] Field values before submit: {"email":"tf@ipvc.pt","password":"Piruças123#"}&#xD;
[DIAG] Screenshot before submit: screenshot_before_submit_20250615_170857_130.png, DOM: dom_before_submit_20250615_170857_130.html&#xD;
[DIAG] Click intercepted on 'login' at 206,561 size 334x50&#xD;
[DIAG] Screenshot: screenshot_login_20250615_170858_286.png, DOM: dom_login_20250615_170858_286.html&#xD;
[DIAG] Current URL after form submission: http://localhost:5168/&#xD;
[DIAG] Page source dumped to: page_after_login_20250615_170859_728.html&#xD;
[DIAG] Redirected away from login page - login may have succeeded</StdOut>
      </Output>
    </UnitTestResult>
  </Results>
  <TestDefinitions>
    <UnitTest name="Register_WithValidData_SucceedsAndAllowsLogin" storage="c:\users\tiagu\trabes2\trabalhoes2.uitests\bin\debug\net9.0\trabalhoes2.uitests.dll" id="7956d2df-9631-019a-8c49-c2415b2f0f23">
      <Execution id="6b63e476-3fd8-428e-9b45-ffe23e04f25d" />
      <TestMethod codeBase="C:\Users\tiagu\TrabES2\TrabalhoES2.UITests\bin\Debug\net9.0\TrabalhoES2.UITests.dll" adapterTypeName="executor://nunit3testexecutor/" className="TrabalhoES2.UITests.CarteiraFilterTests" name="Register_WithValidData_SucceedsAndAllowsLogin" />
    </UnitTest>
    <UnitTest name="Register_WithMismatchedPasswords_ShowsValidationError" storage="c:\users\tiagu\trabes2\trabalhoes2.uitests\bin\debug\net9.0\trabalhoes2.uitests.dll" id="559428b5-910d-9765-564e-3b90ff745fd4">
      <Execution id="a1fc6370-ffd7-4e78-b175-cc7fbefe524d" />
      <TestMethod codeBase="C:\Users\tiagu\TrabES2\TrabalhoES2.UITests\bin\Debug\net9.0\TrabalhoES2.UITests.dll" adapterTypeName="executor://nunit3testexecutor/" className="TrabalhoES2.UITests.LoginAndRegisterTests" name="Register_WithMismatchedPasswords_ShowsValidationError" />
    </UnitTest>
    <UnitTest name="Logout_AfterLogin_ReturnsToLoginPage" storage="c:\users\tiagu\trabes2\trabalhoes2.uitests\bin\debug\net9.0\trabalhoes2.uitests.dll" id="f4b9cf91-2b22-27c9-d701-d8530a246dce">
      <Execution id="b7334b7f-122c-4d8b-a734-bdf1e01b42f2" />
      <TestMethod codeBase="C:\Users\tiagu\TrabES2\TrabalhoES2.UITests\bin\Debug\net9.0\TrabalhoES2.UITests.dll" adapterTypeName="executor://nunit3testexecutor/" className="TrabalhoES2.UITests.CarteiraFilterTests" name="Logout_AfterLogin_ReturnsToLoginPage" />
    </UnitTest>
    <UnitTest name="FiltrarPorTipo_ServerSide_FullPageReload" storage="c:\users\tiagu\trabes2\trabalhoes2.uitests\bin\debug\net9.0\trabalhoes2.uitests.dll" id="eda85cac-4bd9-3e3e-c2b9-51e6721f388e">
      <Execution id="4a6393b1-6991-4624-8ec4-7fa7b789fdcf" />
      <TestMethod codeBase="C:\Users\tiagu\TrabES2\TrabalhoES2.UITests\bin\Debug\net9.0\TrabalhoES2.UITests.dll" adapterTypeName="executor://nunit3testexecutor/" className="TrabalhoES2.UITests.CarteiraFilterTests" name="FiltrarPorTipo_ServerSide_FullPageReload" />
    </UnitTest>
    <UnitTest name="FiltrarPorTipo_ServerSide_RetornaApenasDepositoPrazo" storage="c:\users\tiagu\trabes2\trabalhoes2.uitests\bin\debug\net9.0\trabalhoes2.uitests.dll" id="26e1fdb5-7605-b192-5325-59c650dba1f0">
      <Execution id="4bf21f57-42d7-47e2-b32a-35a7926ec422" />
      <TestMethod codeBase="C:\Users\tiagu\TrabES2\TrabalhoES2.UITests\bin\Debug\net9.0\TrabalhoES2.UITests.dll" adapterTypeName="executor://nunit3testexecutor/" className="TrabalhoES2.UITests.CarteiraFilterTests" name="FiltrarPorTipo_ServerSide_RetornaApenasDepositoPrazo" />
    </UnitTest>
    <UnitTest name="FiltrarPorDesignacao_ClientSide_HidesNonMatchingRows" storage="c:\users\tiagu\trabes2\trabalhoes2.uitests\bin\debug\net9.0\trabalhoes2.uitests.dll" id="b926c4fd-1af7-a249-d3e3-0b8c2cd228ac">
      <Execution id="77502e67-98a6-4a6e-bb13-64945e72e633" />
      <TestMethod codeBase="C:\Users\tiagu\TrabES2\TrabalhoES2.UITests\bin\Debug\net9.0\TrabalhoES2.UITests.dll" adapterTypeName="executor://nunit3testexecutor/" className="TrabalhoES2.UITests.CarteiraFilterTests" name="FiltrarPorDesignacao_ClientSide_HidesNonMatchingRows" />
    </UnitTest>
    <UnitTest name="Login_WithValidCredentials_RedirectsToHome" storage="c:\users\tiagu\trabes2\trabalhoes2.uitests\bin\debug\net9.0\trabalhoes2.uitests.dll" id="260d4b1a-89d8-ac0e-769a-3981d911d180">
      <Execution id="3f16cb23-9ac6-472e-acd4-2d07f839d3b2" />
      <TestMethod codeBase="C:\Users\tiagu\TrabES2\TrabalhoES2.UITests\bin\Debug\net9.0\TrabalhoES2.UITests.dll" adapterTypeName="executor://nunit3testexecutor/" className="TrabalhoES2.UITests.CarteiraFilterTests" name="Login_WithValidCredentials_RedirectsToHome" />
    </UnitTest>
    <UnitTest name="Login_WithInvalidCredentials_ShowsError" storage="c:\users\tiagu\trabes2\trabalhoes2.uitests\bin\debug\net9.0\trabalhoes2.uitests.dll" id="c122568e-99d2-e3ee-48aa-13b0105c8911">
      <Execution id="89a07bbe-1057-462b-adf2-23f101312b4b" />
      <TestMethod codeBase="C:\Users\tiagu\TrabES2\TrabalhoES2.UITests\bin\Debug\net9.0\TrabalhoES2.UITests.dll" adapterTypeName="executor://nunit3testexecutor/" className="TrabalhoES2.UITests.LoginAndRegisterTests" name="Login_WithInvalidCredentials_ShowsError" />
    </UnitTest>
    <UnitTest name="Test1" storage="c:\users\tiagu\trabes2\trabalhoes2.uitests\bin\debug\net9.0\trabalhoes2.uitests.dll" id="aa3d1e95-e1f1-d306-c7d7-37992c58240e">
      <Execution id="ed0d92a8-2b17-4ffd-ad75-e6b06477979e" />
      <TestMethod codeBase="C:\Users\tiagu\TrabES2\TrabalhoES2.UITests\bin\Debug\net9.0\TrabalhoES2.UITests.dll" adapterTypeName="executor://nunit3testexecutor/" className="TrabalhoES2.UITests.Tests" name="Test1" />
    </UnitTest>
    <UnitTest name="FiltrarPorMontante_ServerSide" storage="c:\users\tiagu\trabes2\trabalhoes2.uitests\bin\debug\net9.0\trabalhoes2.uitests.dll" id="ed177349-2bc8-f129-2a79-745177194bdc">
      <Execution id="8929ce27-e38e-4cd1-9d46-c3340677e6a6" />
      <TestMethod codeBase="C:\Users\tiagu\TrabES2\TrabalhoES2.UITests\bin\Debug\net9.0\TrabalhoES2.UITests.dll" adapterTypeName="executor://nunit3testexecutor/" className="TrabalhoES2.UITests.CarteiraFilterTests" name="FiltrarPorMontante_ServerSide" />
    </UnitTest>
  </TestDefinitions>
  <TestEntries>
    <TestEntry testId="26e1fdb5-7605-b192-5325-59c650dba1f0" executionId="4bf21f57-42d7-47e2-b32a-35a7926ec422" testListId="8c84fa94-04c1-424b-9868-57a2d4851a1d" />
    <TestEntry testId="260d4b1a-89d8-ac0e-769a-3981d911d180" executionId="3f16cb23-9ac6-472e-acd4-2d07f839d3b2" testListId="8c84fa94-04c1-424b-9868-57a2d4851a1d" />
    <TestEntry testId="aa3d1e95-e1f1-d306-c7d7-37992c58240e" executionId="ed0d92a8-2b17-4ffd-ad75-e6b06477979e" testListId="8c84fa94-04c1-424b-9868-57a2d4851a1d" />
    <TestEntry testId="ed177349-2bc8-f129-2a79-745177194bdc" executionId="8929ce27-e38e-4cd1-9d46-c3340677e6a6" testListId="8c84fa94-04c1-424b-9868-57a2d4851a1d" />
    <TestEntry testId="f4b9cf91-2b22-27c9-d701-d8530a246dce" executionId="b7334b7f-122c-4d8b-a734-bdf1e01b42f2" testListId="8c84fa94-04c1-424b-9868-57a2d4851a1d" />
    <TestEntry testId="559428b5-910d-9765-564e-3b90ff745fd4" executionId="a1fc6370-ffd7-4e78-b175-cc7fbefe524d" testListId="8c84fa94-04c1-424b-9868-57a2d4851a1d" />
    <TestEntry testId="c122568e-99d2-e3ee-48aa-13b0105c8911" executionId="89a07bbe-1057-462b-adf2-23f101312b4b" testListId="8c84fa94-04c1-424b-9868-57a2d4851a1d" />
    <TestEntry testId="eda85cac-4bd9-3e3e-c2b9-51e6721f388e" executionId="4a6393b1-6991-4624-8ec4-7fa7b789fdcf" testListId="8c84fa94-04c1-424b-9868-57a2d4851a1d" />
    <TestEntry testId="7956d2df-9631-019a-8c49-c2415b2f0f23" executionId="6b63e476-3fd8-428e-9b45-ffe23e04f25d" testListId="8c84fa94-04c1-424b-9868-57a2d4851a1d" />
    <TestEntry testId="b926c4fd-1af7-a249-d3e3-0b8c2cd228ac" executionId="77502e67-98a6-4a6e-bb13-64945e72e633" testListId="8c84fa94-04c1-424b-9868-57a2d4851a1d" />
  </TestEntries>
  <TestLists>
    <TestList name="Results Not in a List" id="8c84fa94-04c1-424b-9868-57a2d4851a1d" />
    <TestList name="All Loaded Results" id="19431567-8539-422a-85d7-44ee4e166bda" />
  </TestLists>
  <ResultSummary outcome="Failed">
    <Counters total="10" executed="9" passed="8" failed="1" error="0" timeout="0" aborted="0" inconclusive="0" passedButRunAborted="0" notRunnable="0" notExecuted="0" disconnected="0" warning="0" completed="0" inProgress="0" pending="0" />
    <Output>
      <StdOut>NUnit Adapter 4.6.0.0: Test execution started&#xD;
Running all tests in C:\Users\tiagu\TrabES2\TrabalhoES2.UITests\bin\Debug\net9.0\TrabalhoES2.UITests.dll&#xD;
   NUnit3TestExecutor discovered 10 of 10 NUnit test cases using Current Discovery mode, Non-Explicit run&#xD;
Starting ChromeDriver 137.0.7151.70 (dfa4dc56b2abb56eb2a14cad006ea5e68c60d5de-refs/branch-heads/7151@{#1875}) on port 56245&#xD;
Only local connections are allowed.&#xD;
Please see https://chromedriver.chromium.org/security-considerations for suggestions on keeping ChromeDriver safe.&#xD;
ChromeDriver was started successfully on port 56245.&#xD;
[DIAG] Field values before submit: {"email":"tf@ipvc.pt","password":"Piruças123#"}&#xD;
[DIAG] Screenshot before submit: screenshot_before_submit_20250615_170857_130.png, DOM: dom_before_submit_20250615_170857_130.html&#xD;
[DIAG] Click intercepted on 'login' at 206,561 size 334x50&#xD;
[DIAG] Screenshot: screenshot_login_20250615_170858_286.png, DOM: dom_login_20250615_170858_286.html&#xD;
[DIAG] Current URL after form submission: http://localhost:5168/&#xD;
[DIAG] Page source dumped to: page_after_login_20250615_170859_728.html&#xD;
[DIAG] Redirected away from login page - login may have succeeded&#xD;
&#xD;
Starting ChromeDriver 137.0.7151.70 (dfa4dc56b2abb56eb2a14cad006ea5e68c60d5de-refs/branch-heads/7151@{#1875}) on port 56271&#xD;
Only local connections are allowed.&#xD;
Please see https://chromedriver.chromium.org/security-considerations for suggestions on keeping ChromeDriver safe.&#xD;
ChromeDriver was started successfully on port 56271.&#xD;
[DIAG] Field values before submit: {"email":"tf@ipvc.pt","password":"Piruças123#"}&#xD;
[DIAG] Screenshot before submit: screenshot_before_submit_20250615_170902_155.png, DOM: dom_before_submit_20250615_170902_155.html&#xD;
[DIAG] Click intercepted on 'login' at 206,561 size 334x50&#xD;
[DIAG] Screenshot: screenshot_login_20250615_170903_303.png, DOM: dom_login_20250615_170903_303.html&#xD;
[DIAG] Current URL after form submission: http://localhost:5168/&#xD;
[DIAG] Page source dumped to: page_after_login_20250615_170904_607.html&#xD;
[DIAG] Redirected away from login page - login may have succeeded&#xD;
&#xD;
FiltrarPorTipo_ServerSide_FullPageReload: Server-side type filtering does a full postback; consider a dedicated controller test instead.&#xD;
Starting ChromeDriver 137.0.7151.70 (dfa4dc56b2abb56eb2a14cad006ea5e68c60d5de-refs/branch-heads/7151@{#1875}) on port 56295&#xD;
Only local connections are allowed.&#xD;
Please see https://chromedriver.chromium.org/security-considerations for suggestions on keeping ChromeDriver safe.&#xD;
ChromeDriver was started successfully on port 56295.&#xD;
Test 'FiltrarPorTipo_ServerSide_FullPageReload' was skipped in the test run.&#xD;
[DIAG] Field values before submit: {"email":"tf@ipvc.pt","password":"Piruças123#"}&#xD;
[DIAG] Screenshot before submit: screenshot_before_submit_20250615_170907_533.png, DOM: dom_before_submit_20250615_170907_533.html&#xD;
[DIAG] Click intercepted on 'login' at 206,561 size 334x50&#xD;
[DIAG] Screenshot: screenshot_login_20250615_170908_711.png, DOM: dom_login_20250615_170908_711.html&#xD;
[DIAG] Current URL after form submission: http://localhost:5168/&#xD;
[DIAG] Page source dumped to: page_after_login_20250615_170910_180.html&#xD;
[DIAG] Redirected away from login page - login may have succeeded&#xD;
&#xD;
Starting ChromeDriver 137.0.7151.70 (dfa4dc56b2abb56eb2a14cad006ea5e68c60d5de-refs/branch-heads/7151@{#1875}) on port 56322&#xD;
Only local connections are allowed.&#xD;
Please see https://chromedriver.chromium.org/security-considerations for suggestions on keeping ChromeDriver safe.&#xD;
ChromeDriver was started successfully on port 56322.&#xD;
[DIAG] Field values before submit: {"email":"tf@ipvc.pt","password":"Piruças123#"}&#xD;
[DIAG] Screenshot before submit: screenshot_before_submit_20250615_170912_755.png, DOM: dom_before_submit_20250615_170912_755.html&#xD;
[DIAG] Click intercepted on 'login' at 206,561 size 334x50&#xD;
[DIAG] Screenshot: screenshot_login_20250615_170913_913.png, DOM: dom_login_20250615_170913_913.html&#xD;
[DIAG] Current URL after form submission: http://localhost:5168/&#xD;
[DIAG] Page source dumped to: page_after_login_20250615_170915_189.html&#xD;
[DIAG] Redirected away from login page - login may have succeeded&#xD;
&#xD;
Starting ChromeDriver 137.0.7151.70 (dfa4dc56b2abb56eb2a14cad006ea5e68c60d5de-refs/branch-heads/7151@{#1875}) on port 56361&#xD;
Only local connections are allowed.&#xD;
Please see https://chromedriver.chromium.org/security-considerations for suggestions on keeping ChromeDriver safe.&#xD;
ChromeDriver was started successfully on port 56361.&#xD;
[DIAG] Field values before submit: {"email":"tf@ipvc.pt","password":"Piruças123#"}&#xD;
[DIAG] Screenshot before submit: screenshot_before_submit_20250615_170917_095.png, DOM: dom_before_submit_20250615_170917_095.html&#xD;
[DIAG] Click intercepted on 'login' at 206,561 size 334x50&#xD;
[DIAG] Screenshot: screenshot_login_20250615_170918_177.png, DOM: dom_login_20250615_170918_177.html&#xD;
[DIAG] Current URL after form submission: http://localhost:5168/&#xD;
[DIAG] Page source dumped to: page_after_login_20250615_170919_470.html&#xD;
[DIAG] Redirected away from login page - login may have succeeded&#xD;
&#xD;
Starting ChromeDriver 137.0.7151.70 (dfa4dc56b2abb56eb2a14cad006ea5e68c60d5de-refs/branch-heads/7151@{#1875}) on port 56425&#xD;
Only local connections are allowed.&#xD;
Please see https://chromedriver.chromium.org/security-considerations for suggestions on keeping ChromeDriver safe.&#xD;
ChromeDriver was started successfully on port 56425.&#xD;
Starting ChromeDriver 137.0.7151.70 (dfa4dc56b2abb56eb2a14cad006ea5e68c60d5de-refs/branch-heads/7151@{#1875}) on port 56449&#xD;
Only local connections are allowed.&#xD;
Please see https://chromedriver.chromium.org/security-considerations for suggestions on keeping ChromeDriver safe.&#xD;
ChromeDriver was started successfully on port 56449.&#xD;
[DIAG] Field values before submit: {"email":"tf@ipvc.pt","password":"Piruças123#"}&#xD;
[DIAG] Screenshot before submit: screenshot_before_submit_20250615_170921_692.png, DOM: dom_before_submit_20250615_170921_692.html&#xD;
[DIAG] Click intercepted on 'login' at 206,561 size 334x50&#xD;
[DIAG] Screenshot: screenshot_login_20250615_170922_819.png, DOM: dom_login_20250615_170922_819.html&#xD;
[DIAG] Current URL after form submission: http://localhost:5168/&#xD;
[DIAG] Page source dumped to: page_after_login_20250615_170924_103.html&#xD;
[DIAG] Redirected away from login page - login may have succeeded&#xD;
&#xD;
Starting ChromeDriver 137.0.7151.70 (dfa4dc56b2abb56eb2a14cad006ea5e68c60d5de-refs/branch-heads/7151@{#1875}) on port 56483&#xD;
Only local connections are allowed.&#xD;
Please see https://chromedriver.chromium.org/security-considerations for suggestions on keeping ChromeDriver safe.&#xD;
ChromeDriver was started successfully on port 56483.&#xD;
Starting ChromeDriver 137.0.7151.70 (dfa4dc56b2abb56eb2a14cad006ea5e68c60d5de-refs/branch-heads/7151@{#1875}) on port 56509&#xD;
Only local connections are allowed.&#xD;
Please see https://chromedriver.chromium.org/security-considerations for suggestions on keeping ChromeDriver safe.&#xD;
ChromeDriver was started successfully on port 56509.&#xD;
NUnit Adapter 4.6.0.0: Test execution complete&#xD;
</StdOut>
    </Output>
  </ResultSummary>
</TestRun>